"/home/siriusmart/.siriusmart/youtube-tui/cache/thumbnails/videos/vAiuLJoWJl0.png"
"/home/siriusmart/.siriusmart/youtube-tui/cache/thumbnails/videos/NIjH5DaySuo.png"
"/home/siriusmart/.siriusmart/youtube-tui/cache/thumbnails/videos/p38WgakuYDo.png"
"/home/siriusmart/.siriusmart/youtube-tui/cache/thumbnails/videos/sgRwF_SowGc.png"
"/home/siriusmart/.siriusmart/youtube-tui/cache/thumbnails/videos/cVa4xP-KCzU.png"
"/home/siriusmart/.siriusmart/youtube-tui/cache/thumbnails/videos/r6cNoVkX89c.png"
"/home/siriusmart/.siriusmart/youtube-tui/cache/thumbnails/videos/_hdvXYuNCfM.png"
"/home/siriusmart/.siriusmart/youtube-tui/cache/thumbnails/videos/j_cIFh1oxqY.png"
"/home/siriusmart/.siriusmart/youtube-tui/cache/thumbnails/videos/gAYAxV4YcMI.png"
"/home/siriusmart/.siriusmart/youtube-tui/cache/thumbnails/videos/jhs4dx1LCfY.png"
"/home/siriusmart/.siriusmart/youtube-tui/cache/thumbnails/videos/O807iGQUxzo.png"
"/home/siriusmart/.siriusmart/youtube-tui/cache/thumbnails/videos/bCAAbDrdxyc.png"
"/home/siriusmart/.siriusmart/youtube-tui/cache/thumbnails/videos/NjVOLRixWzs.png"
"/home/siriusmart/.siriusmart/youtube-tui/cache/thumbnails/videos/fkIKmUQ-tvU.png"
"/home/siriusmart/.siriusmart/youtube-tui/cache/thumbnails/videos/2vCz2d1N-PY.png"
"/home/siriusmart/.siriusmart/youtube-tui/cache/thumbnails/videos/G7FEU6ar7cc.png"
"/home/siriusmart/.siriusmart/youtube-tui/cache/thumbnails/videos/J_-6OBhv1y4.png"
"/home/siriusmart/.siriusmart/youtube-tui/cache/thumbnails/videos/rk9as3sTYN8.png"
"/home/siriusmart/.siriusmart/youtube-tui/cache/thumbnails/videos/thNr-pnSBgs.png"
"/home/siriusmart/.siriusmart/youtube-tui/cache/thumbnails/videos/0SbiPng-Nek.png"
"/home/siriusmart/.siriusmart/youtube-tui/cache/thumbnails/videos/kXDXMIT48BM.png"
"/home/siriusmart/.siriusmart/youtube-tui/cache/thumbnails/videos/6iDl1INdQFU.png"
"/home/siriusmart/.siriusmart/youtube-tui/cache/thumbnails/videos/O2CIAKVTOrc.png"
"/home/siriusmart/.siriusmart/youtube-tui/cache/thumbnails/videos/34KppfwVgm0.png"
"/home/siriusmart/.siriusmart/youtube-tui/cache/thumbnails/videos/oH7rkCVau4s.png"
"/home/siriusmart/.siriusmart/youtube-tui/cache/thumbnails/videos/C2ZY4fyAuqY.png"
"/home/siriusmart/.siriusmart/youtube-tui/cache/thumbnails/videos/zFrGRO_d39I.png"
"/home/siriusmart/.siriusmart/youtube-tui/cache/thumbnails/videos/yQBImEeXNZ4.png"
"/home/siriusmart/.siriusmart/youtube-tui/cache/thumbnails/videos/360_M39p_Mg.png"
"/home/siriusmart/.siriusmart/youtube-tui/cache/thumbnails/videos/XJdXmpJCfUI.png"
"/home/siriusmart/.siriusmart/youtube-tui/cache/thumbnails/videos/0NzlbBmkM3E.png"
"/home/siriusmart/.siriusmart/youtube-tui/cache/thumbnails/videos/rP09GUQFDFk.png"
"/home/siriusmart/.siriusmart/youtube-tui/cache/thumbnails/videos/yhi_UcadzeA.png"
"/home/siriusmart/.siriusmart/youtube-tui/cache/thumbnails/videos/7iPy0PpBOlk.png"
"/home/siriusmart/.siriusmart/youtube-tui/cache/thumbnails/videos/X4r_eTtS4Lo.png"
"/home/siriusmart/.siriusmart/youtube-tui/cache/thumbnails/videos/6GCYA2ofoks.png"
"/home/siriusmart/.siriusmart/youtube-tui/cache/thumbnails/videos/Kdecs0JYTp0.png"
"/home/siriusmart/.siriusmart/youtube-tui/cache/thumbnails/videos/CkzeM9p70Wk.png"
"/home/siriusmart/.siriusmart/youtube-tui/cache/thumbnails/videos/B25ariEu9fs.png"
"/home/siriusmart/.siriusmart/youtube-tui/cache/thumbnails/videos/4GNf347WPt8.png"
"/home/siriusmart/.siriusmart/youtube-tui/cache/thumbnails/videos/6wyYiV5d768.png"
"/home/siriusmart/.siriusmart/youtube-tui/cache/thumbnails/videos/uRaWvH9jjfw.png"
"/home/siriusmart/.siriusmart/youtube-tui/cache/thumbnails/videos/Wg86eQkdudI.png"
"/home/siriusmart/.siriusmart/youtube-tui/cache/thumbnails/videos/Lo0G2Mi47Ho.png"
"/home/siriusmart/.siriusmart/youtube-tui/cache/thumbnails/videos/TSqYrgnbYrY.png"
"/home/siriusmart/.siriusmart/youtube-tui/cache/thumbnails/videos/9-irO7U7Y_Y.png"
"/home/siriusmart/.siriusmart/youtube-tui/cache/thumbnails/videos/-2yCVay_eqo.png"
"/home/siriusmart/.siriusmart/youtube-tui/cache/thumbnails/videos/2OQu9q70YkE.png"
"/home/siriusmart/.siriusmart/youtube-tui/cache/thumbnails/videos/vqPIvA9ATO4.png"
"/home/siriusmart/.siriusmart/youtube-tui/cache/thumbnails/videos/REfRA9MGDKY.png"
"/home/siriusmart/.siriusmart/youtube-tui/cache/thumbnails/videos/Lg4zfE4mvTg.png"
"/home/siriusmart/.siriusmart/youtube-tui/cache/thumbnails/videos/gXG8u7LLO7E.png"
"/home/siriusmart/.siriusmart/youtube-tui/cache/thumbnails/videos/Wrmx6gc0a8I.png"
"/home/siriusmart/.siriusmart/youtube-tui/cache/thumbnails/videos/a5rlgE6dcBY.png"
"/home/siriusmart/.siriusmart/youtube-tui/cache/thumbnails/videos/8HkyW1PN0sc.png"
"/home/siriusmart/.siriusmart/youtube-tui/cache/thumbnails/videos/6j-NPPU2-0Q.png"
"/home/siriusmart/.siriusmart/youtube-tui/cache/thumbnails/videos/_BMLHC6oNzY.png"
"/home/siriusmart/.siriusmart/youtube-tui/cache/thumbnails/videos/dTuTO1g3TLI.png"
"/home/siriusmart/.siriusmart/youtube-tui/cache/thumbnails/videos/mvxQYPR4lmU.png"
"/home/siriusmart/.siriusmart/youtube-tui/cache/thumbnails/videos/2LDaxyu5KUI.png"
"/home/siriusmart/.siriusmart/youtube-tui/cache/thumbnails/videos/LWTG7DtP1QQ.png"
"/home/siriusmart/.siriusmart/youtube-tui/cache/thumbnails/videos/6mtwPDVFYpo.png"
"/home/siriusmart/.siriusmart/youtube-tui/cache/thumbnails/videos/aZBAXi_HmqQ.png"
"/home/siriusmart/.siriusmart/youtube-tui/cache/thumbnails/videos/SHTFOrLgI-4.png"
"/home/siriusmart/.siriusmart/youtube-tui/cache/thumbnails/videos/vSCHrQjbo5E.png"
"/home/siriusmart/.siriusmart/youtube-tui/cache/thumbnails/videos/3Yh_6_zItPU.png"
"/home/siriusmart/.siriusmart/youtube-tui/cache/thumbnails/videos/Q33XE_ksUCU.png"
"/home/siriusmart/.siriusmart/youtube-tui/cache/thumbnails/videos/3o8w042VdOk.png"
"/home/siriusmart/.siriusmart/youtube-tui/cache/thumbnails/videos/vAiuLJoWJl0.png"
"/home/siriusmart/.siriusmart/youtube-tui/cache/thumbnails/videos/Wg86eQkdudI.png"
"/home/siriusmart/.siriusmart/youtube-tui/cache/thumbnails/videos/g8iidxp43fQ.png"
"/home/siriusmart/.siriusmart/youtube-tui/cache/thumbnails/videos/8dJyRm2jJ-U.png"
"/home/siriusmart/.siriusmart/youtube-tui/cache/thumbnails/videos/_iz5_DuY_II.png"
"/home/siriusmart/.siriusmart/youtube-tui/cache/thumbnails/videos/yQBImEeXNZ4.png"
"/home/siriusmart/.siriusmart/youtube-tui/cache/thumbnails/videos/XJdXmpJCfUI.png"
"/home/siriusmart/.siriusmart/youtube-tui/cache/thumbnails/videos/8xfSL0XLRtQ.png"
"/home/siriusmart/.siriusmart/youtube-tui/cache/thumbnails/videos/NWIIhf_lv08.png"
"/home/siriusmart/.siriusmart/youtube-tui/cache/thumbnails/videos/X4r_eTtS4Lo.png"
"/home/siriusmart/.siriusmart/youtube-tui/cache/thumbnails/videos/_fpxCuorKjA.png"
"/home/siriusmart/.siriusmart/youtube-tui/cache/thumbnails/videos/oSwZ_BckDvc.png"
"/home/siriusmart/.siriusmart/youtube-tui/cache/thumbnails/videos/pQuk3t2aeBo.png"
"/home/siriusmart/.siriusmart/youtube-tui/cache/thumbnails/videos/O2CIAKVTOrc.png"
"/home/siriusmart/.siriusmart/youtube-tui/cache/thumbnails/videos/NIjH5DaySuo.png"
"/home/siriusmart/.siriusmart/youtube-tui/cache/thumbnails/videos/iH8mWNKM8xU.png"
"/home/siriusmart/.siriusmart/youtube-tui/cache/thumbnails/videos/92Nog640NOU.png"
"/home/siriusmart/.siriusmart/youtube-tui/cache/thumbnails/videos/P5j-DvILc9E.png"
"/home/siriusmart/.siriusmart/youtube-tui/cache/thumbnails/videos/Iu1s_CkGA8E.png"
"/home/siriusmart/.siriusmart/youtube-tui/cache/thumbnails/videos/HqO5jmkARaE.png"
"/home/siriusmart/.siriusmart/youtube-tui/cache/thumbnails/videos/vqPIvA9ATO4.png"
"/home/siriusmart/.siriusmart/youtube-tui/cache/thumbnails/videos/a_0PSZ2S_yw.png"
"/home/siriusmart/.siriusmart/youtube-tui/cache/thumbnails/videos/ca48oMV59LU.png"
"/home/siriusmart/.siriusmart/youtube-tui/cache/thumbnails/videos/dOSr_EXx5SY.png"
"/home/siriusmart/.siriusmart/youtube-tui/cache/thumbnails/videos/XUlKykxmIGk.png"
"/home/siriusmart/.siriusmart/youtube-tui/cache/thumbnails/videos/a5rlgE6dcBY.png"
"/home/siriusmart/.siriusmart/youtube-tui/cache/thumbnails/videos/N3f7OLt-WvY.png"
"/home/siriusmart/.siriusmart/youtube-tui/cache/thumbnails/videos/Wrmx6gc0a8I.png"
"/home/siriusmart/.siriusmart/youtube-tui/cache/thumbnails/videos/EwQQ7YtoGoU.png"
"/home/siriusmart/.siriusmart/youtube-tui/cache/thumbnails/videos/1nLnR8yK_BA.png"
"/home/siriusmart/.siriusmart/youtube-tui/cache/thumbnails/videos/PwY-jVSM-f0.png"
"/home/siriusmart/.siriusmart/youtube-tui/cache/thumbnails/videos/360_M39p_Mg.png"
"/home/siriusmart/.siriusmart/youtube-tui/cache/thumbnails/videos/yhi_UcadzeA.png"
"/home/siriusmart/.siriusmart/youtube-tui/cache/thumbnails/videos/ZTpRsEp-_04.png"
"/home/siriusmart/.siriusmart/youtube-tui/cache/thumbnails/videos/a5gbT7Uo5qY.png"
"/home/siriusmart/.siriusmart/youtube-tui/cache/thumbnails/videos/thNr-pnSBgs.png"
"/home/siriusmart/.siriusmart/youtube-tui/cache/thumbnails/videos/CkzeM9p70Wk.png"
"/home/siriusmart/.siriusmart/youtube-tui/cache/thumbnails/videos/MgLhuzz09_Q.png"
"/home/siriusmart/.siriusmart/youtube-tui/cache/thumbnails/videos/-g9IIE9U6Qg.png"
"/home/siriusmart/.siriusmart/youtube-tui/cache/thumbnails/videos/7OPg-ksxZ4Y.png"
"/home/siriusmart/.siriusmart/youtube-tui/cache/thumbnails/videos/VgjyPmFKxCU.png"
"/home/siriusmart/.siriusmart/youtube-tui/cache/thumbnails/videos/ZoPJVcHYlU0.png"
"/home/siriusmart/.siriusmart/youtube-tui/cache/thumbnails/videos/WosblHoWh1g.png"
"/home/siriusmart/.siriusmart/youtube-tui/cache/thumbnails/videos/QO7e_RiMVQg.png"
"/home/siriusmart/.siriusmart/youtube-tui/cache/thumbnails/videos/vAiuLJoWJl0.png"
"/home/siriusmart/.siriusmart/youtube-tui/cache/thumbnails/videos/NIjH5DaySuo.png"
"/home/siriusmart/.siriusmart/youtube-tui/cache/thumbnails/videos/p38WgakuYDo.png"
"/home/siriusmart/.siriusmart/youtube-tui/cache/thumbnails/videos/sgRwF_SowGc.png"
"/home/siriusmart/.siriusmart/youtube-tui/cache/thumbnails/videos/cVa4xP-KCzU.png"
"/home/siriusmart/.siriusmart/youtube-tui/cache/thumbnails/videos/r6cNoVkX89c.png"
"/home/siriusmart/.siriusmart/youtube-tui/cache/thumbnails/videos/_hdvXYuNCfM.png"
"/home/siriusmart/.siriusmart/youtube-tui/cache/thumbnails/videos/j_cIFh1oxqY.png"
"/home/siriusmart/.siriusmart/youtube-tui/cache/thumbnails/videos/gAYAxV4YcMI.png"
"/home/siriusmart/.siriusmart/youtube-tui/cache/thumbnails/videos/jhs4dx1LCfY.png"
"/home/siriusmart/.siriusmart/youtube-tui/cache/thumbnails/videos/O807iGQUxzo.png"
"/home/siriusmart/.siriusmart/youtube-tui/cache/thumbnails/videos/bCAAbDrdxyc.png"
"/home/siriusmart/.siriusmart/youtube-tui/cache/thumbnails/videos/NjVOLRixWzs.png"
"/home/siriusmart/.siriusmart/youtube-tui/cache/thumbnails/videos/fkIKmUQ-tvU.png"
"/home/siriusmart/.siriusmart/youtube-tui/cache/thumbnails/videos/G7FEU6ar7cc.png"
"/home/siriusmart/.siriusmart/youtube-tui/cache/thumbnails/videos/2vCz2d1N-PY.png"
"/home/siriusmart/.siriusmart/youtube-tui/cache/thumbnails/videos/J_-6OBhv1y4.png"
"/home/siriusmart/.siriusmart/youtube-tui/cache/thumbnails/videos/rk9as3sTYN8.png"
"/home/siriusmart/.siriusmart/youtube-tui/cache/thumbnails/videos/thNr-pnSBgs.png"
"/home/siriusmart/.siriusmart/youtube-tui/cache/thumbnails/videos/0SbiPng-Nek.png"
"/home/siriusmart/.siriusmart/youtube-tui/cache/thumbnails/videos/kXDXMIT48BM.png"
"/home/siriusmart/.siriusmart/youtube-tui/cache/thumbnails/videos/6iDl1INdQFU.png"
"/home/siriusmart/.siriusmart/youtube-tui/cache/thumbnails/videos/O2CIAKVTOrc.png"
"/home/siriusmart/.siriusmart/youtube-tui/cache/thumbnails/videos/34KppfwVgm0.png"
"/home/siriusmart/.siriusmart/youtube-tui/cache/thumbnails/videos/oH7rkCVau4s.png"
"/home/siriusmart/.siriusmart/youtube-tui/cache/thumbnails/videos/C2ZY4fyAuqY.png"
"/home/siriusmart/.siriusmart/youtube-tui/cache/thumbnails/videos/zFrGRO_d39I.png"
"/home/siriusmart/.siriusmart/youtube-tui/cache/thumbnails/videos/yQBImEeXNZ4.png"
"/home/siriusmart/.siriusmart/youtube-tui/cache/thumbnails/videos/360_M39p_Mg.png"
"/home/siriusmart/.siriusmart/youtube-tui/cache/thumbnails/videos/XJdXmpJCfUI.png"
"/home/siriusmart/.siriusmart/youtube-tui/cache/thumbnails/videos/0NzlbBmkM3E.png"
"/home/siriusmart/.siriusmart/youtube-tui/cache/thumbnails/videos/rP09GUQFDFk.png"
"/home/siriusmart/.siriusmart/youtube-tui/cache/thumbnails/videos/yhi_UcadzeA.png"
"/home/siriusmart/.siriusmart/youtube-tui/cache/thumbnails/videos/7iPy0PpBOlk.png"
"/home/siriusmart/.siriusmart/youtube-tui/cache/thumbnails/videos/X4r_eTtS4Lo.png"
"/home/siriusmart/.siriusmart/youtube-tui/cache/thumbnails/videos/6GCYA2ofoks.png"
"/home/siriusmart/.siriusmart/youtube-tui/cache/thumbnails/videos/Kdecs0JYTp0.png"
"/home/siriusmart/.siriusmart/youtube-tui/cache/thumbnails/videos/CkzeM9p70Wk.png"
"/home/siriusmart/.siriusmart/youtube-tui/cache/thumbnails/videos/B25ariEu9fs.png"
"/home/siriusmart/.siriusmart/youtube-tui/cache/thumbnails/videos/4GNf347WPt8.png"
"/home/siriusmart/.siriusmart/youtube-tui/cache/thumbnails/videos/6wyYiV5d768.png"
"/home/siriusmart/.siriusmart/youtube-tui/cache/thumbnails/videos/uRaWvH9jjfw.png"
"/home/siriusmart/.siriusmart/youtube-tui/cache/thumbnails/videos/Lo0G2Mi47Ho.png"
"/home/siriusmart/.siriusmart/youtube-tui/cache/thumbnails/videos/Wg86eQkdudI.png"
"/home/siriusmart/.siriusmart/youtube-tui/cache/thumbnails/videos/9-irO7U7Y_Y.png"
"/home/siriusmart/.siriusmart/youtube-tui/cache/thumbnails/videos/TSqYrgnbYrY.png"
"/home/siriusmart/.siriusmart/youtube-tui/cache/thumbnails/videos/-2yCVay_eqo.png"
"/home/siriusmart/.siriusmart/youtube-tui/cache/thumbnails/videos/2OQu9q70YkE.png"
"/home/siriusmart/.siriusmart/youtube-tui/cache/thumbnails/videos/vqPIvA9ATO4.png"
"/home/siriusmart/.siriusmart/youtube-tui/cache/thumbnails/videos/REfRA9MGDKY.png"
"/home/siriusmart/.siriusmart/youtube-tui/cache/thumbnails/videos/gXG8u7LLO7E.png"
"/home/siriusmart/.siriusmart/youtube-tui/cache/thumbnails/videos/Lg4zfE4mvTg.png"
"/home/siriusmart/.siriusmart/youtube-tui/cache/thumbnails/videos/a5rlgE6dcBY.png"
"/home/siriusmart/.siriusmart/youtube-tui/cache/thumbnails/videos/Wrmx6gc0a8I.png"
"/home/siriusmart/.siriusmart/youtube-tui/cache/thumbnails/videos/8HkyW1PN0sc.png"
"/home/siriusmart/.siriusmart/youtube-tui/cache/thumbnails/videos/6j-NPPU2-0Q.png"
"/home/siriusmart/.siriusmart/youtube-tui/cache/thumbnails/videos/dTuTO1g3TLI.png"
"/home/siriusmart/.siriusmart/youtube-tui/cache/thumbnails/videos/_BMLHC6oNzY.png"
"/home/siriusmart/.siriusmart/youtube-tui/cache/thumbnails/videos/mvxQYPR4lmU.png"
"/home/siriusmart/.siriusmart/youtube-tui/cache/thumbnails/videos/2LDaxyu5KUI.png"
"/home/siriusmart/.siriusmart/youtube-tui/cache/thumbnails/videos/LWTG7DtP1QQ.png"
"/home/siriusmart/.siriusmart/youtube-tui/cache/thumbnails/videos/6mtwPDVFYpo.png"
"/home/siriusmart/.siriusmart/youtube-tui/cache/thumbnails/videos/aZBAXi_HmqQ.png"
"/home/siriusmart/.siriusmart/youtube-tui/cache/thumbnails/videos/SHTFOrLgI-4.png"
"/home/siriusmart/.siriusmart/youtube-tui/cache/thumbnails/videos/LA75Wg3knCQ.png"
"/home/siriusmart/.siriusmart/youtube-tui/cache/thumbnails/videos/3Yh_6_zItPU.png"
"/home/siriusmart/.siriusmart/youtube-tui/cache/thumbnails/videos/Q33XE_ksUCU.png"
"/home/siriusmart/.siriusmart/youtube-tui/cache/thumbnails/videos/3o8w042VdOk.png"
"/home/siriusmart/.siriusmart/youtube-tui/cache/thumbnails/videos/vAiuLJoWJl0.png"
"/home/siriusmart/.siriusmart/youtube-tui/cache/thumbnails/videos/Wg86eQkdudI.png"
"/home/siriusmart/.siriusmart/youtube-tui/cache/thumbnails/videos/g8iidxp43fQ.png"
"/home/siriusmart/.siriusmart/youtube-tui/cache/thumbnails/videos/8dJyRm2jJ-U.png"
"/home/siriusmart/.siriusmart/youtube-tui/cache/thumbnails/videos/_iz5_DuY_II.png"
"/home/siriusmart/.siriusmart/youtube-tui/cache/thumbnails/videos/yQBImEeXNZ4.png"
"/home/siriusmart/.siriusmart/youtube-tui/cache/thumbnails/videos/XJdXmpJCfUI.png"
"/home/siriusmart/.siriusmart/youtube-tui/cache/thumbnails/videos/8xfSL0XLRtQ.png"
"/home/siriusmart/.siriusmart/youtube-tui/cache/thumbnails/videos/NWIIhf_lv08.png"
"/home/siriusmart/.siriusmart/youtube-tui/cache/thumbnails/videos/X4r_eTtS4Lo.png"
"/home/siriusmart/.siriusmart/youtube-tui/cache/thumbnails/videos/_fpxCuorKjA.png"
"/home/siriusmart/.siriusmart/youtube-tui/cache/thumbnails/videos/oSwZ_BckDvc.png"
"/home/siriusmart/.siriusmart/youtube-tui/cache/thumbnails/videos/pQuk3t2aeBo.png"
"/home/siriusmart/.siriusmart/youtube-tui/cache/thumbnails/videos/O2CIAKVTOrc.png"
"/home/siriusmart/.siriusmart/youtube-tui/cache/thumbnails/videos/NIjH5DaySuo.png"
"/home/siriusmart/.siriusmart/youtube-tui/cache/thumbnails/videos/iH8mWNKM8xU.png"
"/home/siriusmart/.siriusmart/youtube-tui/cache/thumbnails/videos/92Nog640NOU.png"
"/home/siriusmart/.siriusmart/youtube-tui/cache/thumbnails/videos/P5j-DvILc9E.png"
"/home/siriusmart/.siriusmart/youtube-tui/cache/thumbnails/videos/Iu1s_CkGA8E.png"
"/home/siriusmart/.siriusmart/youtube-tui/cache/thumbnails/videos/HqO5jmkARaE.png"
"/home/siriusmart/.siriusmart/youtube-tui/cache/thumbnails/videos/vqPIvA9ATO4.png"
"/home/siriusmart/.siriusmart/youtube-tui/cache/thumbnails/videos/a_0PSZ2S_yw.png"
"/home/siriusmart/.siriusmart/youtube-tui/cache/thumbnails/videos/ca48oMV59LU.png"
"/home/siriusmart/.siriusmart/youtube-tui/cache/thumbnails/videos/a5rlgE6dcBY.png"
"/home/siriusmart/.siriusmart/youtube-tui/cache/thumbnails/videos/dOSr_EXx5SY.png"
"/home/siriusmart/.siriusmart/youtube-tui/cache/thumbnails/videos/XUlKykxmIGk.png"
"/home/siriusmart/.siriusmart/youtube-tui/cache/thumbnails/videos/Wrmx6gc0a8I.png"
"/home/siriusmart/.siriusmart/youtube-tui/cache/thumbnails/videos/N3f7OLt-WvY.png"
"/home/siriusmart/.siriusmart/youtube-tui/cache/thumbnails/videos/EwQQ7YtoGoU.png"
"/home/siriusmart/.siriusmart/youtube-tui/cache/thumbnails/videos/1nLnR8yK_BA.png"
"/home/siriusmart/.siriusmart/youtube-tui/cache/thumbnails/videos/PwY-jVSM-f0.png"
"/home/siriusmart/.siriusmart/youtube-tui/cache/thumbnails/videos/360_M39p_Mg.png"
"/home/siriusmart/.siriusmart/youtube-tui/cache/thumbnails/videos/yhi_UcadzeA.png"
"/home/siriusmart/.siriusmart/youtube-tui/cache/thumbnails/videos/ZTpRsEp-_04.png"
"/home/siriusmart/.siriusmart/youtube-tui/cache/thumbnails/videos/a5gbT7Uo5qY.png"
"/home/siriusmart/.siriusmart/youtube-tui/cache/thumbnails/videos/thNr-pnSBgs.png"
"/home/siriusmart/.siriusmart/youtube-tui/cache/thumbnails/videos/CkzeM9p70Wk.png"
"/home/siriusmart/.siriusmart/youtube-tui/cache/thumbnails/videos/-g9IIE9U6Qg.png"
"/home/siriusmart/.siriusmart/youtube-tui/cache/thumbnails/videos/MgLhuzz09_Q.png"
"/home/siriusmart/.siriusmart/youtube-tui/cache/thumbnails/videos/7OPg-ksxZ4Y.png"
"/home/siriusmart/.siriusmart/youtube-tui/cache/thumbnails/videos/VgjyPmFKxCU.png"
"/home/siriusmart/.siriusmart/youtube-tui/cache/thumbnails/videos/ZoPJVcHYlU0.png"
"/home/siriusmart/.siriusmart/youtube-tui/cache/thumbnails/videos/WosblHoWh1g.png"
"/home/siriusmart/.siriusmart/youtube-tui/cache/thumbnails/videos/QO7e_RiMVQg.png"
"/home/siriusmart/.siriusmart/youtube-tui/cache/thumbnails/videos/vAiuLJoWJl0.png"
"/home/siriusmart/.siriusmart/youtube-tui/cache/thumbnails/videos/NIjH5DaySuo.png"
"/home/siriusmart/.siriusmart/youtube-tui/cache/thumbnails/videos/p38WgakuYDo.png"
"/home/siriusmart/.siriusmart/youtube-tui/cache/thumbnails/videos/sgRwF_SowGc.png"
"/home/siriusmart/.siriusmart/youtube-tui/cache/thumbnails/videos/cVa4xP-KCzU.png"
"/home/siriusmart/.siriusmart/youtube-tui/cache/thumbnails/videos/r6cNoVkX89c.png"
"/home/siriusmart/.siriusmart/youtube-tui/cache/thumbnails/videos/_hdvXYuNCfM.png"
"/home/siriusmart/.siriusmart/youtube-tui/cache/thumbnails/videos/j_cIFh1oxqY.png"
"/home/siriusmart/.siriusmart/youtube-tui/cache/thumbnails/videos/gAYAxV4YcMI.png"
"/home/siriusmart/.siriusmart/youtube-tui/cache/thumbnails/videos/jhs4dx1LCfY.png"
"/home/siriusmart/.siriusmart/youtube-tui/cache/thumbnails/videos/O807iGQUxzo.png"
"/home/siriusmart/.siriusmart/youtube-tui/cache/thumbnails/videos/bCAAbDrdxyc.png"
"/home/siriusmart/.siriusmart/youtube-tui/cache/thumbnails/videos/NjVOLRixWzs.png"
"/home/siriusmart/.siriusmart/youtube-tui/cache/thumbnails/videos/fkIKmUQ-tvU.png"
"/home/siriusmart/.siriusmart/youtube-tui/cache/thumbnails/videos/G7FEU6ar7cc.png"
"/home/siriusmart/.siriusmart/youtube-tui/cache/thumbnails/videos/2vCz2d1N-PY.png"
"/home/siriusmart/.siriusmart/youtube-tui/cache/thumbnails/videos/J_-6OBhv1y4.png"
"/home/siriusmart/.siriusmart/youtube-tui/cache/thumbnails/videos/rk9as3sTYN8.png"
"/home/siriusmart/.siriusmart/youtube-tui/cache/thumbnails/videos/thNr-pnSBgs.png"
"/home/siriusmart/.siriusmart/youtube-tui/cache/thumbnails/videos/0SbiPng-Nek.png"
"/home/siriusmart/.siriusmart/youtube-tui/cache/thumbnails/videos/kXDXMIT48BM.png"
"/home/siriusmart/.siriusmart/youtube-tui/cache/thumbnails/videos/6iDl1INdQFU.png"
"/home/siriusmart/.siriusmart/youtube-tui/cache/thumbnails/videos/O2CIAKVTOrc.png"
"/home/siriusmart/.siriusmart/youtube-tui/cache/thumbnails/videos/34KppfwVgm0.png"
"/home/siriusmart/.siriusmart/youtube-tui/cache/thumbnails/videos/oH7rkCVau4s.png"
"/home/siriusmart/.siriusmart/youtube-tui/cache/thumbnails/videos/C2ZY4fyAuqY.png"
"/home/siriusmart/.siriusmart/youtube-tui/cache/thumbnails/videos/zFrGRO_d39I.png"
"/home/siriusmart/.siriusmart/youtube-tui/cache/thumbnails/videos/yQBImEeXNZ4.png"
"/home/siriusmart/.siriusmart/youtube-tui/cache/thumbnails/videos/360_M39p_Mg.png"
"/home/siriusmart/.siriusmart/youtube-tui/cache/thumbnails/videos/XJdXmpJCfUI.png"
"/home/siriusmart/.siriusmart/youtube-tui/cache/thumbnails/videos/0NzlbBmkM3E.png"
"/home/siriusmart/.siriusmart/youtube-tui/cache/thumbnails/videos/rP09GUQFDFk.png"
"/home/siriusmart/.siriusmart/youtube-tui/cache/thumbnails/videos/yhi_UcadzeA.png"
"/home/siriusmart/.siriusmart/youtube-tui/cache/thumbnails/videos/7iPy0PpBOlk.png"
"/home/siriusmart/.siriusmart/youtube-tui/cache/thumbnails/videos/X4r_eTtS4Lo.png"
"/home/siriusmart/.siriusmart/youtube-tui/cache/thumbnails/videos/6GCYA2ofoks.png"
"/home/siriusmart/.siriusmart/youtube-tui/cache/thumbnails/videos/Kdecs0JYTp0.png"
"/home/siriusmart/.siriusmart/youtube-tui/cache/thumbnails/videos/CkzeM9p70Wk.png"
"/home/siriusmart/.siriusmart/youtube-tui/cache/thumbnails/videos/B25ariEu9fs.png"
"/home/siriusmart/.siriusmart/youtube-tui/cache/thumbnails/videos/4GNf347WPt8.png"
"/home/siriusmart/.siriusmart/youtube-tui/cache/thumbnails/videos/6wyYiV5d768.png"
"/home/siriusmart/.siriusmart/youtube-tui/cache/thumbnails/videos/uRaWvH9jjfw.png"
"/home/siriusmart/.siriusmart/youtube-tui/cache/thumbnails/videos/Lo0G2Mi47Ho.png"
"/home/siriusmart/.siriusmart/youtube-tui/cache/thumbnails/videos/Wg86eQkdudI.png"
"/home/siriusmart/.siriusmart/youtube-tui/cache/thumbnails/videos/9-irO7U7Y_Y.png"
"/home/siriusmart/.siriusmart/youtube-tui/cache/thumbnails/videos/TSqYrgnbYrY.png"
"/home/siriusmart/.siriusmart/youtube-tui/cache/thumbnails/videos/-2yCVay_eqo.png"
"/home/siriusmart/.siriusmart/youtube-tui/cache/thumbnails/videos/2OQu9q70YkE.png"
"/home/siriusmart/.siriusmart/youtube-tui/cache/thumbnails/videos/vqPIvA9ATO4.png"
"/home/siriusmart/.siriusmart/youtube-tui/cache/thumbnails/videos/REfRA9MGDKY.png"
"/home/siriusmart/.siriusmart/youtube-tui/cache/thumbnails/videos/gXG8u7LLO7E.png"
"/home/siriusmart/.siriusmart/youtube-tui/cache/thumbnails/videos/Lg4zfE4mvTg.png"
"/home/siriusmart/.siriusmart/youtube-tui/cache/thumbnails/videos/a5rlgE6dcBY.png"
"/home/siriusmart/.siriusmart/youtube-tui/cache/thumbnails/videos/Wrmx6gc0a8I.png"
"/home/siriusmart/.siriusmart/youtube-tui/cache/thumbnails/videos/8HkyW1PN0sc.png"
"/home/siriusmart/.siriusmart/youtube-tui/cache/thumbnails/videos/6j-NPPU2-0Q.png"
"/home/siriusmart/.siriusmart/youtube-tui/cache/thumbnails/videos/dTuTO1g3TLI.png"
"/home/siriusmart/.siriusmart/youtube-tui/cache/thumbnails/videos/_BMLHC6oNzY.png"
"/home/siriusmart/.siriusmart/youtube-tui/cache/thumbnails/videos/mvxQYPR4lmU.png"
"/home/siriusmart/.siriusmart/youtube-tui/cache/thumbnails/videos/2LDaxyu5KUI.png"
"/home/siriusmart/.siriusmart/youtube-tui/cache/thumbnails/videos/LWTG7DtP1QQ.png"
"/home/siriusmart/.siriusmart/youtube-tui/cache/thumbnails/videos/6mtwPDVFYpo.png"
"/home/siriusmart/.siriusmart/youtube-tui/cache/thumbnails/videos/aZBAXi_HmqQ.png"
"/home/siriusmart/.siriusmart/youtube-tui/cache/thumbnails/videos/SHTFOrLgI-4.png"
"/home/siriusmart/.siriusmart/youtube-tui/cache/thumbnails/videos/LA75Wg3knCQ.png"
"/home/siriusmart/.siriusmart/youtube-tui/cache/thumbnails/videos/3Yh_6_zItPU.png"
"/home/siriusmart/.siriusmart/youtube-tui/cache/thumbnails/videos/Q33XE_ksUCU.png"
"/home/siriusmart/.siriusmart/youtube-tui/cache/thumbnails/videos/3o8w042VdOk.png"
"/home/siriusmart/.siriusmart/youtube-tui/cache/thumbnails/videos/vAiuLJoWJl0.png"
"/home/siriusmart/.siriusmart/youtube-tui/cache/thumbnails/videos/Wg86eQkdudI.png"
"/home/siriusmart/.siriusmart/youtube-tui/cache/thumbnails/videos/g8iidxp43fQ.png"
"/home/siriusmart/.siriusmart/youtube-tui/cache/thumbnails/videos/8dJyRm2jJ-U.png"
"/home/siriusmart/.siriusmart/youtube-tui/cache/thumbnails/videos/_iz5_DuY_II.png"
"/home/siriusmart/.siriusmart/youtube-tui/cache/thumbnails/videos/yQBImEeXNZ4.png"
"/home/siriusmart/.siriusmart/youtube-tui/cache/thumbnails/videos/XJdXmpJCfUI.png"
"/home/siriusmart/.siriusmart/youtube-tui/cache/thumbnails/videos/8xfSL0XLRtQ.png"
"/home/siriusmart/.siriusmart/youtube-tui/cache/thumbnails/videos/NWIIhf_lv08.png"
"/home/siriusmart/.siriusmart/youtube-tui/cache/thumbnails/videos/X4r_eTtS4Lo.png"
"/home/siriusmart/.siriusmart/youtube-tui/cache/thumbnails/videos/_fpxCuorKjA.png"
"/home/siriusmart/.siriusmart/youtube-tui/cache/thumbnails/videos/oSwZ_BckDvc.png"
"/home/siriusmart/.siriusmart/youtube-tui/cache/thumbnails/videos/pQuk3t2aeBo.png"
"/home/siriusmart/.siriusmart/youtube-tui/cache/thumbnails/videos/O2CIAKVTOrc.png"
"/home/siriusmart/.siriusmart/youtube-tui/cache/thumbnails/videos/NIjH5DaySuo.png"
"/home/siriusmart/.siriusmart/youtube-tui/cache/thumbnails/videos/iH8mWNKM8xU.png"
"/home/siriusmart/.siriusmart/youtube-tui/cache/thumbnails/videos/92Nog640NOU.png"
"/home/siriusmart/.siriusmart/youtube-tui/cache/thumbnails/videos/P5j-DvILc9E.png"
"/home/siriusmart/.siriusmart/youtube-tui/cache/thumbnails/videos/Iu1s_CkGA8E.png"
"/home/siriusmart/.siriusmart/youtube-tui/cache/thumbnails/videos/HqO5jmkARaE.png"
"/home/siriusmart/.siriusmart/youtube-tui/cache/thumbnails/videos/vqPIvA9ATO4.png"
"/home/siriusmart/.siriusmart/youtube-tui/cache/thumbnails/videos/a_0PSZ2S_yw.png"
"/home/siriusmart/.siriusmart/youtube-tui/cache/thumbnails/videos/ca48oMV59LU.png"
"/home/siriusmart/.siriusmart/youtube-tui/cache/thumbnails/videos/a5rlgE6dcBY.png"
"/home/siriusmart/.siriusmart/youtube-tui/cache/thumbnails/videos/dOSr_EXx5SY.png"
"/home/siriusmart/.siriusmart/youtube-tui/cache/thumbnails/videos/XUlKykxmIGk.png"
"/home/siriusmart/.siriusmart/youtube-tui/cache/thumbnails/videos/Wrmx6gc0a8I.png"
"/home/siriusmart/.siriusmart/youtube-tui/cache/thumbnails/videos/N3f7OLt-WvY.png"
"/home/siriusmart/.siriusmart/youtube-tui/cache/thumbnails/videos/EwQQ7YtoGoU.png"
"/home/siriusmart/.siriusmart/youtube-tui/cache/thumbnails/videos/1nLnR8yK_BA.png"
"/home/siriusmart/.siriusmart/youtube-tui/cache/thumbnails/videos/PwY-jVSM-f0.png"
"/home/siriusmart/.siriusmart/youtube-tui/cache/thumbnails/videos/360_M39p_Mg.png"
"/home/siriusmart/.siriusmart/youtube-tui/cache/thumbnails/videos/yhi_UcadzeA.png"
"/home/siriusmart/.siriusmart/youtube-tui/cache/thumbnails/videos/ZTpRsEp-_04.png"
"/home/siriusmart/.siriusmart/youtube-tui/cache/thumbnails/videos/a5gbT7Uo5qY.png"
"/home/siriusmart/.siriusmart/youtube-tui/cache/thumbnails/videos/thNr-pnSBgs.png"
"/home/siriusmart/.siriusmart/youtube-tui/cache/thumbnails/videos/CkzeM9p70Wk.png"
"/home/siriusmart/.siriusmart/youtube-tui/cache/thumbnails/videos/-g9IIE9U6Qg.png"
"/home/siriusmart/.siriusmart/youtube-tui/cache/thumbnails/videos/MgLhuzz09_Q.png"
"/home/siriusmart/.siriusmart/youtube-tui/cache/thumbnails/videos/7OPg-ksxZ4Y.png"
"/home/siriusmart/.siriusmart/youtube-tui/cache/thumbnails/videos/VgjyPmFKxCU.png"
"/home/siriusmart/.siriusmart/youtube-tui/cache/thumbnails/videos/ZoPJVcHYlU0.png"
"/home/siriusmart/.siriusmart/youtube-tui/cache/thumbnails/videos/WosblHoWh1g.png"
"/home/siriusmart/.siriusmart/youtube-tui/cache/thumbnails/videos/QO7e_RiMVQg.png"
"/home/siriusmart/.siriusmart/youtube-tui/cache/thumbnails/videos/vAiuLJoWJl0.png"
"/home/siriusmart/.siriusmart/youtube-tui/cache/thumbnails/videos/NIjH5DaySuo.png"
"/home/siriusmart/.siriusmart/youtube-tui/cache/thumbnails/videos/p38WgakuYDo.png"
"/home/siriusmart/.siriusmart/youtube-tui/cache/thumbnails/videos/sgRwF_SowGc.png"
"/home/siriusmart/.siriusmart/youtube-tui/cache/thumbnails/videos/cVa4xP-KCzU.png"
"/home/siriusmart/.siriusmart/youtube-tui/cache/thumbnails/videos/r6cNoVkX89c.png"
"/home/siriusmart/.siriusmart/youtube-tui/cache/thumbnails/videos/_hdvXYuNCfM.png"
"/home/siriusmart/.siriusmart/youtube-tui/cache/thumbnails/videos/j_cIFh1oxqY.png"
"/home/siriusmart/.siriusmart/youtube-tui/cache/thumbnails/videos/gAYAxV4YcMI.png"
"/home/siriusmart/.siriusmart/youtube-tui/cache/thumbnails/videos/jhs4dx1LCfY.png"
"/home/siriusmart/.siriusmart/youtube-tui/cache/thumbnails/videos/O807iGQUxzo.png"
"/home/siriusmart/.siriusmart/youtube-tui/cache/thumbnails/videos/bCAAbDrdxyc.png"
"/home/siriusmart/.siriusmart/youtube-tui/cache/thumbnails/videos/NjVOLRixWzs.png"
"/home/siriusmart/.siriusmart/youtube-tui/cache/thumbnails/videos/fkIKmUQ-tvU.png"
"/home/siriusmart/.siriusmart/youtube-tui/cache/thumbnails/videos/G7FEU6ar7cc.png"
"/home/siriusmart/.siriusmart/youtube-tui/cache/thumbnails/videos/2vCz2d1N-PY.png"
"/home/siriusmart/.siriusmart/youtube-tui/cache/thumbnails/videos/J_-6OBhv1y4.png"
"/home/siriusmart/.siriusmart/youtube-tui/cache/thumbnails/videos/rk9as3sTYN8.png"
"/home/siriusmart/.siriusmart/youtube-tui/cache/thumbnails/videos/thNr-pnSBgs.png"
"/home/siriusmart/.siriusmart/youtube-tui/cache/thumbnails/videos/0SbiPng-Nek.png"
"/home/siriusmart/.siriusmart/youtube-tui/cache/thumbnails/videos/kXDXMIT48BM.png"
"/home/siriusmart/.siriusmart/youtube-tui/cache/thumbnails/videos/6iDl1INdQFU.png"
"/home/siriusmart/.siriusmart/youtube-tui/cache/thumbnails/videos/O2CIAKVTOrc.png"
"/home/siriusmart/.siriusmart/youtube-tui/cache/thumbnails/videos/34KppfwVgm0.png"
"/home/siriusmart/.siriusmart/youtube-tui/cache/thumbnails/videos/oH7rkCVau4s.png"
"/home/siriusmart/.siriusmart/youtube-tui/cache/thumbnails/videos/C2ZY4fyAuqY.png"
"/home/siriusmart/.siriusmart/youtube-tui/cache/thumbnails/videos/zFrGRO_d39I.png"
"/home/siriusmart/.siriusmart/youtube-tui/cache/thumbnails/videos/yQBImEeXNZ4.png"
"/home/siriusmart/.siriusmart/youtube-tui/cache/thumbnails/videos/360_M39p_Mg.png"
"/home/siriusmart/.siriusmart/youtube-tui/cache/thumbnails/videos/XJdXmpJCfUI.png"
"/home/siriusmart/.siriusmart/youtube-tui/cache/thumbnails/videos/0NzlbBmkM3E.png"
"/home/siriusmart/.siriusmart/youtube-tui/cache/thumbnails/videos/rP09GUQFDFk.png"
"/home/siriusmart/.siriusmart/youtube-tui/cache/thumbnails/videos/yhi_UcadzeA.png"
"/home/siriusmart/.siriusmart/youtube-tui/cache/thumbnails/videos/7iPy0PpBOlk.png"
"/home/siriusmart/.siriusmart/youtube-tui/cache/thumbnails/videos/X4r_eTtS4Lo.png"
"/home/siriusmart/.siriusmart/youtube-tui/cache/thumbnails/videos/6GCYA2ofoks.png"
"/home/siriusmart/.siriusmart/youtube-tui/cache/thumbnails/videos/Kdecs0JYTp0.png"
"/home/siriusmart/.siriusmart/youtube-tui/cache/thumbnails/videos/CkzeM9p70Wk.png"
"/home/siriusmart/.siriusmart/youtube-tui/cache/thumbnails/videos/B25ariEu9fs.png"
"/home/siriusmart/.siriusmart/youtube-tui/cache/thumbnails/videos/4GNf347WPt8.png"
"/home/siriusmart/.siriusmart/youtube-tui/cache/thumbnails/videos/6wyYiV5d768.png"
"/home/siriusmart/.siriusmart/youtube-tui/cache/thumbnails/videos/uRaWvH9jjfw.png"
"/home/siriusmart/.siriusmart/youtube-tui/cache/thumbnails/videos/Lo0G2Mi47Ho.png"
"/home/siriusmart/.siriusmart/youtube-tui/cache/thumbnails/videos/Wg86eQkdudI.png"
"/home/siriusmart/.siriusmart/youtube-tui/cache/thumbnails/videos/9-irO7U7Y_Y.png"
"/home/siriusmart/.siriusmart/youtube-tui/cache/thumbnails/videos/TSqYrgnbYrY.png"
"/home/siriusmart/.siriusmart/youtube-tui/cache/thumbnails/videos/-2yCVay_eqo.png"
"/home/siriusmart/.siriusmart/youtube-tui/cache/thumbnails/videos/2OQu9q70YkE.png"
"/home/siriusmart/.siriusmart/youtube-tui/cache/thumbnails/videos/vqPIvA9ATO4.png"
"/home/siriusmart/.siriusmart/youtube-tui/cache/thumbnails/videos/REfRA9MGDKY.png"
"/home/siriusmart/.siriusmart/youtube-tui/cache/thumbnails/videos/gXG8u7LLO7E.png"
"/home/siriusmart/.siriusmart/youtube-tui/cache/thumbnails/videos/Lg4zfE4mvTg.png"
"/home/siriusmart/.siriusmart/youtube-tui/cache/thumbnails/videos/a5rlgE6dcBY.png"
"/home/siriusmart/.siriusmart/youtube-tui/cache/thumbnails/videos/Wrmx6gc0a8I.png"
"/home/siriusmart/.siriusmart/youtube-tui/cache/thumbnails/videos/8HkyW1PN0sc.png"
"/home/siriusmart/.siriusmart/youtube-tui/cache/thumbnails/videos/6j-NPPU2-0Q.png"
"/home/siriusmart/.siriusmart/youtube-tui/cache/thumbnails/videos/dTuTO1g3TLI.png"
"/home/siriusmart/.siriusmart/youtube-tui/cache/thumbnails/videos/_BMLHC6oNzY.png"
"/home/siriusmart/.siriusmart/youtube-tui/cache/thumbnails/videos/mvxQYPR4lmU.png"
"/home/siriusmart/.siriusmart/youtube-tui/cache/thumbnails/videos/2LDaxyu5KUI.png"
"/home/siriusmart/.siriusmart/youtube-tui/cache/thumbnails/videos/LWTG7DtP1QQ.png"
"/home/siriusmart/.siriusmart/youtube-tui/cache/thumbnails/videos/6mtwPDVFYpo.png"
"/home/siriusmart/.siriusmart/youtube-tui/cache/thumbnails/videos/aZBAXi_HmqQ.png"
"/home/siriusmart/.siriusmart/youtube-tui/cache/thumbnails/videos/SHTFOrLgI-4.png"
"/home/siriusmart/.siriusmart/youtube-tui/cache/thumbnails/videos/LA75Wg3knCQ.png"
"/home/siriusmart/.siriusmart/youtube-tui/cache/thumbnails/videos/3Yh_6_zItPU.png"
"/home/siriusmart/.siriusmart/youtube-tui/cache/thumbnails/videos/Q33XE_ksUCU.png"
"/home/siriusmart/.siriusmart/youtube-tui/cache/thumbnails/videos/3o8w042VdOk.png"
"/home/siriusmart/.siriusmart/youtube-tui/cache/thumbnails/videos/vAiuLJoWJl0.png"
"/home/siriusmart/.siriusmart/youtube-tui/cache/thumbnails/videos/Wg86eQkdudI.png"
"/home/siriusmart/.siriusmart/youtube-tui/cache/thumbnails/videos/g8iidxp43fQ.png"
"/home/siriusmart/.siriusmart/youtube-tui/cache/thumbnails/videos/8dJyRm2jJ-U.png"
"/home/siriusmart/.siriusmart/youtube-tui/cache/thumbnails/videos/_iz5_DuY_II.png"
"/home/siriusmart/.siriusmart/youtube-tui/cache/thumbnails/videos/yQBImEeXNZ4.png"
"/home/siriusmart/.siriusmart/youtube-tui/cache/thumbnails/videos/XJdXmpJCfUI.png"
"/home/siriusmart/.siriusmart/youtube-tui/cache/thumbnails/videos/8xfSL0XLRtQ.png"
"/home/siriusmart/.siriusmart/youtube-tui/cache/thumbnails/videos/NWIIhf_lv08.png"
"/home/siriusmart/.siriusmart/youtube-tui/cache/thumbnails/videos/X4r_eTtS4Lo.png"
"/home/siriusmart/.siriusmart/youtube-tui/cache/thumbnails/videos/_fpxCuorKjA.png"
"/home/siriusmart/.siriusmart/youtube-tui/cache/thumbnails/videos/oSwZ_BckDvc.png"
"/home/siriusmart/.siriusmart/youtube-tui/cache/thumbnails/videos/pQuk3t2aeBo.png"
"/home/siriusmart/.siriusmart/youtube-tui/cache/thumbnails/videos/O2CIAKVTOrc.png"
"/home/siriusmart/.siriusmart/youtube-tui/cache/thumbnails/videos/NIjH5DaySuo.png"
"/home/siriusmart/.siriusmart/youtube-tui/cache/thumbnails/videos/iH8mWNKM8xU.png"
"/home/siriusmart/.siriusmart/youtube-tui/cache/thumbnails/videos/92Nog640NOU.png"
"/home/siriusmart/.siriusmart/youtube-tui/cache/thumbnails/videos/P5j-DvILc9E.png"
"/home/siriusmart/.siriusmart/youtube-tui/cache/thumbnails/videos/Iu1s_CkGA8E.png"
"/home/siriusmart/.siriusmart/youtube-tui/cache/thumbnails/videos/HqO5jmkARaE.png"
"/home/siriusmart/.siriusmart/youtube-tui/cache/thumbnails/videos/vqPIvA9ATO4.png"
"/home/siriusmart/.siriusmart/youtube-tui/cache/thumbnails/videos/a_0PSZ2S_yw.png"
"/home/siriusmart/.siriusmart/youtube-tui/cache/thumbnails/videos/ca48oMV59LU.png"
"/home/siriusmart/.siriusmart/youtube-tui/cache/thumbnails/videos/a5rlgE6dcBY.png"
"/home/siriusmart/.siriusmart/youtube-tui/cache/thumbnails/videos/dOSr_EXx5SY.png"
"/home/siriusmart/.siriusmart/youtube-tui/cache/thumbnails/videos/XUlKykxmIGk.png"
"/home/siriusmart/.siriusmart/youtube-tui/cache/thumbnails/videos/Wrmx6gc0a8I.png"
"/home/siriusmart/.siriusmart/youtube-tui/cache/thumbnails/videos/N3f7OLt-WvY.png"
"/home/siriusmart/.siriusmart/youtube-tui/cache/thumbnails/videos/EwQQ7YtoGoU.png"
"/home/siriusmart/.siriusmart/youtube-tui/cache/thumbnails/videos/1nLnR8yK_BA.png"
"/home/siriusmart/.siriusmart/youtube-tui/cache/thumbnails/videos/PwY-jVSM-f0.png"
"/home/siriusmart/.siriusmart/youtube-tui/cache/thumbnails/videos/360_M39p_Mg.png"
"/home/siriusmart/.siriusmart/youtube-tui/cache/thumbnails/videos/yhi_UcadzeA.png"
"/home/siriusmart/.siriusmart/youtube-tui/cache/thumbnails/videos/ZTpRsEp-_04.png"
"/home/siriusmart/.siriusmart/youtube-tui/cache/thumbnails/videos/a5gbT7Uo5qY.png"
"/home/siriusmart/.siriusmart/youtube-tui/cache/thumbnails/videos/thNr-pnSBgs.png"
"/home/siriusmart/.siriusmart/youtube-tui/cache/thumbnails/videos/CkzeM9p70Wk.png"
"/home/siriusmart/.siriusmart/youtube-tui/cache/thumbnails/videos/-g9IIE9U6Qg.png"
"/home/siriusmart/.siriusmart/youtube-tui/cache/thumbnails/videos/MgLhuzz09_Q.png"
"/home/siriusmart/.siriusmart/youtube-tui/cache/thumbnails/videos/7OPg-ksxZ4Y.png"
"/home/siriusmart/.siriusmart/youtube-tui/cache/thumbnails/videos/VgjyPmFKxCU.png"
"/home/siriusmart/.siriusmart/youtube-tui/cache/thumbnails/videos/ZoPJVcHYlU0.png"
"/home/siriusmart/.siriusmart/youtube-tui/cache/thumbnails/videos/WosblHoWh1g.png"
"/home/siriusmart/.siriusmart/youtube-tui/cache/thumbnails/videos/QO7e_RiMVQg.png"
"/home/siriusmart/.siriusmart/youtube-tui/cache/thumbnails/videos/xsLJZyih3Ac.png"
"/home/siriusmart/.siriusmart/youtube-tui/cache/thumbnails/videos/enBoNuS2VjU.png"
"/home/siriusmart/.siriusmart/youtube-tui/cache/thumbnails/videos/NDxAPaPAKl8.png"
"/home/siriusmart/.siriusmart/youtube-tui/cache/thumbnails/videos/u7zOU6c-dfc.png"
"/home/siriusmart/.siriusmart/youtube-tui/cache/thumbnails/videos/nOcS6mwZEGI.png"
"/home/siriusmart/.siriusmart/youtube-tui/cache/thumbnails/videos/pFNW4nodQ_I.png"
"/home/siriusmart/.siriusmart/youtube-tui/cache/thumbnails/videos/leQbSsu-7F4.png"
"/home/siriusmart/.siriusmart/youtube-tui/cache/thumbnails/videos/fg7pRNI1PGE.png"
"/home/siriusmart/.siriusmart/youtube-tui/cache/thumbnails/videos/_KwuH1Ab_m0.png"
"/home/siriusmart/.siriusmart/youtube-tui/cache/thumbnails/videos/llvh33y_-vQ.png"
"/home/siriusmart/.siriusmart/youtube-tui/cache/thumbnails/videos/QVSKXygroCI.png"
"/home/siriusmart/.siriusmart/youtube-tui/cache/thumbnails/videos/7KPH608Av4E.png"
"/home/siriusmart/.siriusmart/youtube-tui/cache/thumbnails/videos/okgPbtz4ZkE.png"
"/home/siriusmart/.siriusmart/youtube-tui/cache/thumbnails/videos/qyL-AUTNXjA.png"
"/home/siriusmart/.siriusmart/youtube-tui/cache/thumbnails/videos/stD3DrjMrRI.png"
"/home/siriusmart/.siriusmart/youtube-tui/cache/thumbnails/videos/UoWZIMjJWGY.png"
"/home/siriusmart/.siriusmart/youtube-tui/cache/thumbnails/videos/-kO9ECGb8jU.png"
"/home/siriusmart/.siriusmart/youtube-tui/cache/thumbnails/videos/z19CyuKEANE.png"
"/home/siriusmart/.siriusmart/youtube-tui/cache/thumbnails/videos/hrXwRrcyrQ8.png"
"/home/siriusmart/.siriusmart/youtube-tui/cache/thumbnails/videos/fYLun9rSWTE.png"
"/home/siriusmart/.siriusmart/youtube-tui/cache/thumbnails/videos/fWP29aVVycA.png"
"/home/siriusmart/.siriusmart/youtube-tui/cache/thumbnails/videos/vvKbMueRzrI.png"
"/home/siriusmart/.siriusmart/youtube-tui/cache/thumbnails/videos/xAOv_zvXBQk.png"
"/home/siriusmart/.siriusmart/youtube-tui/cache/thumbnails/videos/6kolTgj7uQc.png"
"/home/siriusmart/.siriusmart/youtube-tui/cache/thumbnails/videos/F-yEoHL7MYY.png"
"/home/siriusmart/.siriusmart/youtube-tui/cache/thumbnails/videos/urevinis_PU.png"
"/home/siriusmart/.siriusmart/youtube-tui/cache/thumbnails/videos/ZQ4E0JJcxz0.png"
"/home/siriusmart/.siriusmart/youtube-tui/cache/thumbnails/videos/uFzuRm3wCDk.png"
"/home/siriusmart/.siriusmart/youtube-tui/cache/thumbnails/videos/oI_X2cMHNe0.png"
"/home/siriusmart/.siriusmart/youtube-tui/cache/thumbnails/videos/hE3KjKg69ZA.png"
"/home/siriusmart/.siriusmart/youtube-tui/cache/thumbnails/videos/Ht56t_UMwsc.png"
"/home/siriusmart/.siriusmart/youtube-tui/cache/thumbnails/videos/mZFwfBJY_Pc.png"
"/home/siriusmart/.siriusmart/youtube-tui/cache/thumbnails/videos/fDtsXkN-lsA.png"
"/home/siriusmart/.siriusmart/youtube-tui/cache/thumbnails/videos/hD1YtmKXNb4.png"
"/home/siriusmart/.siriusmart/youtube-tui/cache/thumbnails/videos/EeDhC0cFQwg.png"
"/home/siriusmart/.siriusmart/youtube-tui/cache/thumbnails/videos/IZ7F6ELO-hQ.png"
"/home/siriusmart/.siriusmart/youtube-tui/cache/thumbnails/videos/LhfCietvDZo.png"
"/home/siriusmart/.siriusmart/youtube-tui/cache/thumbnails/videos/PnvPY_d0njs.png"
"/home/siriusmart/.siriusmart/youtube-tui/cache/thumbnails/videos/vAiuLJoWJl0.png"
"/home/siriusmart/.siriusmart/youtube-tui/cache/thumbnails/videos/NIjH5DaySuo.png"
"/home/siriusmart/.siriusmart/youtube-tui/cache/thumbnails/videos/p38WgakuYDo.png"
"/home/siriusmart/.siriusmart/youtube-tui/cache/thumbnails/videos/sgRwF_SowGc.png"
"/home/siriusmart/.siriusmart/youtube-tui/cache/thumbnails/videos/cVa4xP-KCzU.png"
"/home/siriusmart/.siriusmart/youtube-tui/cache/thumbnails/videos/r6cNoVkX89c.png"
"/home/siriusmart/.siriusmart/youtube-tui/cache/thumbnails/videos/_hdvXYuNCfM.png"
"/home/siriusmart/.siriusmart/youtube-tui/cache/thumbnails/videos/j_cIFh1oxqY.png"
"/home/siriusmart/.siriusmart/youtube-tui/cache/thumbnails/videos/gAYAxV4YcMI.png"
"/home/siriusmart/.siriusmart/youtube-tui/cache/thumbnails/videos/jhs4dx1LCfY.png"
"/home/siriusmart/.siriusmart/youtube-tui/cache/thumbnails/videos/O807iGQUxzo.png"
"/home/siriusmart/.siriusmart/youtube-tui/cache/thumbnails/videos/bCAAbDrdxyc.png"
"/home/siriusmart/.siriusmart/youtube-tui/cache/thumbnails/videos/NjVOLRixWzs.png"
"/home/siriusmart/.siriusmart/youtube-tui/cache/thumbnails/videos/fkIKmUQ-tvU.png"
"/home/siriusmart/.siriusmart/youtube-tui/cache/thumbnails/videos/G7FEU6ar7cc.png"
"/home/siriusmart/.siriusmart/youtube-tui/cache/thumbnails/videos/2vCz2d1N-PY.png"
"/home/siriusmart/.siriusmart/youtube-tui/cache/thumbnails/videos/J_-6OBhv1y4.png"
"/home/siriusmart/.siriusmart/youtube-tui/cache/thumbnails/videos/rk9as3sTYN8.png"
"/home/siriusmart/.siriusmart/youtube-tui/cache/thumbnails/videos/thNr-pnSBgs.png"
"/home/siriusmart/.siriusmart/youtube-tui/cache/thumbnails/videos/0SbiPng-Nek.png"
"/home/siriusmart/.siriusmart/youtube-tui/cache/thumbnails/videos/kXDXMIT48BM.png"
"/home/siriusmart/.siriusmart/youtube-tui/cache/thumbnails/videos/6iDl1INdQFU.png"
"/home/siriusmart/.siriusmart/youtube-tui/cache/thumbnails/videos/O2CIAKVTOrc.png"
"/home/siriusmart/.siriusmart/youtube-tui/cache/thumbnails/videos/34KppfwVgm0.png"
"/home/siriusmart/.siriusmart/youtube-tui/cache/thumbnails/videos/oH7rkCVau4s.png"
"/home/siriusmart/.siriusmart/youtube-tui/cache/thumbnails/videos/C2ZY4fyAuqY.png"
"/home/siriusmart/.siriusmart/youtube-tui/cache/thumbnails/videos/zFrGRO_d39I.png"
"/home/siriusmart/.siriusmart/youtube-tui/cache/thumbnails/videos/yQBImEeXNZ4.png"
"/home/siriusmart/.siriusmart/youtube-tui/cache/thumbnails/videos/360_M39p_Mg.png"
"/home/siriusmart/.siriusmart/youtube-tui/cache/thumbnails/videos/XJdXmpJCfUI.png"
"/home/siriusmart/.siriusmart/youtube-tui/cache/thumbnails/videos/0NzlbBmkM3E.png"
"/home/siriusmart/.siriusmart/youtube-tui/cache/thumbnails/videos/rP09GUQFDFk.png"
"/home/siriusmart/.siriusmart/youtube-tui/cache/thumbnails/videos/yhi_UcadzeA.png"
"/home/siriusmart/.siriusmart/youtube-tui/cache/thumbnails/videos/7iPy0PpBOlk.png"
"/home/siriusmart/.siriusmart/youtube-tui/cache/thumbnails/videos/X4r_eTtS4Lo.png"
"/home/siriusmart/.siriusmart/youtube-tui/cache/thumbnails/videos/6GCYA2ofoks.png"
"/home/siriusmart/.siriusmart/youtube-tui/cache/thumbnails/videos/Kdecs0JYTp0.png"
"/home/siriusmart/.siriusmart/youtube-tui/cache/thumbnails/videos/CkzeM9p70Wk.png"
"/home/siriusmart/.siriusmart/youtube-tui/cache/thumbnails/videos/B25ariEu9fs.png"
"/home/siriusmart/.siriusmart/youtube-tui/cache/thumbnails/videos/4GNf347WPt8.png"
"/home/siriusmart/.siriusmart/youtube-tui/cache/thumbnails/videos/6wyYiV5d768.png"
"/home/siriusmart/.siriusmart/youtube-tui/cache/thumbnails/videos/uRaWvH9jjfw.png"
"/home/siriusmart/.siriusmart/youtube-tui/cache/thumbnails/videos/Lo0G2Mi47Ho.png"
"/home/siriusmart/.siriusmart/youtube-tui/cache/thumbnails/videos/Wg86eQkdudI.png"
"/home/siriusmart/.siriusmart/youtube-tui/cache/thumbnails/videos/9-irO7U7Y_Y.png"
"/home/siriusmart/.siriusmart/youtube-tui/cache/thumbnails/videos/TSqYrgnbYrY.png"
"/home/siriusmart/.siriusmart/youtube-tui/cache/thumbnails/videos/-2yCVay_eqo.png"
"/home/siriusmart/.siriusmart/youtube-tui/cache/thumbnails/videos/2OQu9q70YkE.png"
"/home/siriusmart/.siriusmart/youtube-tui/cache/thumbnails/videos/vqPIvA9ATO4.png"
"/home/siriusmart/.siriusmart/youtube-tui/cache/thumbnails/videos/REfRA9MGDKY.png"
"/home/siriusmart/.siriusmart/youtube-tui/cache/thumbnails/videos/gXG8u7LLO7E.png"
"/home/siriusmart/.siriusmart/youtube-tui/cache/thumbnails/videos/Lg4zfE4mvTg.png"
"/home/siriusmart/.siriusmart/youtube-tui/cache/thumbnails/videos/a5rlgE6dcBY.png"
"/home/siriusmart/.siriusmart/youtube-tui/cache/thumbnails/videos/Wrmx6gc0a8I.png"
"/home/siriusmart/.siriusmart/youtube-tui/cache/thumbnails/videos/8HkyW1PN0sc.png"
"/home/siriusmart/.siriusmart/youtube-tui/cache/thumbnails/videos/6j-NPPU2-0Q.png"
"/home/siriusmart/.siriusmart/youtube-tui/cache/thumbnails/videos/dTuTO1g3TLI.png"
"/home/siriusmart/.siriusmart/youtube-tui/cache/thumbnails/videos/_BMLHC6oNzY.png"
"/home/siriusmart/.siriusmart/youtube-tui/cache/thumbnails/videos/mvxQYPR4lmU.png"
"/home/siriusmart/.siriusmart/youtube-tui/cache/thumbnails/videos/2LDaxyu5KUI.png"
"/home/siriusmart/.siriusmart/youtube-tui/cache/thumbnails/videos/LWTG7DtP1QQ.png"
"/home/siriusmart/.siriusmart/youtube-tui/cache/thumbnails/videos/6mtwPDVFYpo.png"
"/home/siriusmart/.siriusmart/youtube-tui/cache/thumbnails/videos/aZBAXi_HmqQ.png"
"/home/siriusmart/.siriusmart/youtube-tui/cache/thumbnails/videos/SHTFOrLgI-4.png"
"/home/siriusmart/.siriusmart/youtube-tui/cache/thumbnails/videos/LA75Wg3knCQ.png"
"/home/siriusmart/.siriusmart/youtube-tui/cache/thumbnails/videos/3Yh_6_zItPU.png"
"/home/siriusmart/.siriusmart/youtube-tui/cache/thumbnails/videos/Q33XE_ksUCU.png"
"/home/siriusmart/.siriusmart/youtube-tui/cache/thumbnails/videos/3o8w042VdOk.png"
"/home/siriusmart/.siriusmart/youtube-tui/cache/thumbnails/videos/vAiuLJoWJl0.png"
"/home/siriusmart/.siriusmart/youtube-tui/cache/thumbnails/videos/Wg86eQkdudI.png"
"/home/siriusmart/.siriusmart/youtube-tui/cache/thumbnails/videos/g8iidxp43fQ.png"
"/home/siriusmart/.siriusmart/youtube-tui/cache/thumbnails/videos/8dJyRm2jJ-U.png"
"/home/siriusmart/.siriusmart/youtube-tui/cache/thumbnails/videos/_iz5_DuY_II.png"
"/home/siriusmart/.siriusmart/youtube-tui/cache/thumbnails/videos/yQBImEeXNZ4.png"
"/home/siriusmart/.siriusmart/youtube-tui/cache/thumbnails/videos/XJdXmpJCfUI.png"
"/home/siriusmart/.siriusmart/youtube-tui/cache/thumbnails/videos/8xfSL0XLRtQ.png"
"/home/siriusmart/.siriusmart/youtube-tui/cache/thumbnails/videos/NWIIhf_lv08.png"
"/home/siriusmart/.siriusmart/youtube-tui/cache/thumbnails/videos/X4r_eTtS4Lo.png"
"/home/siriusmart/.siriusmart/youtube-tui/cache/thumbnails/videos/_fpxCuorKjA.png"
"/home/siriusmart/.siriusmart/youtube-tui/cache/thumbnails/videos/oSwZ_BckDvc.png"
"/home/siriusmart/.siriusmart/youtube-tui/cache/thumbnails/videos/pQuk3t2aeBo.png"
"/home/siriusmart/.siriusmart/youtube-tui/cache/thumbnails/videos/O2CIAKVTOrc.png"
"/home/siriusmart/.siriusmart/youtube-tui/cache/thumbnails/videos/NIjH5DaySuo.png"
"/home/siriusmart/.siriusmart/youtube-tui/cache/thumbnails/videos/iH8mWNKM8xU.png"
"/home/siriusmart/.siriusmart/youtube-tui/cache/thumbnails/videos/92Nog640NOU.png"
"/home/siriusmart/.siriusmart/youtube-tui/cache/thumbnails/videos/P5j-DvILc9E.png"
"/home/siriusmart/.siriusmart/youtube-tui/cache/thumbnails/videos/Iu1s_CkGA8E.png"
"/home/siriusmart/.siriusmart/youtube-tui/cache/thumbnails/videos/HqO5jmkARaE.png"
"/home/siriusmart/.siriusmart/youtube-tui/cache/thumbnails/videos/vqPIvA9ATO4.png"
"/home/siriusmart/.siriusmart/youtube-tui/cache/thumbnails/videos/a_0PSZ2S_yw.png"
"/home/siriusmart/.siriusmart/youtube-tui/cache/thumbnails/videos/ca48oMV59LU.png"
"/home/siriusmart/.siriusmart/youtube-tui/cache/thumbnails/videos/a5rlgE6dcBY.png"
"/home/siriusmart/.siriusmart/youtube-tui/cache/thumbnails/videos/dOSr_EXx5SY.png"
"/home/siriusmart/.siriusmart/youtube-tui/cache/thumbnails/videos/XUlKykxmIGk.png"
"/home/siriusmart/.siriusmart/youtube-tui/cache/thumbnails/videos/Wrmx6gc0a8I.png"
"/home/siriusmart/.siriusmart/youtube-tui/cache/thumbnails/videos/N3f7OLt-WvY.png"
"/home/siriusmart/.siriusmart/youtube-tui/cache/thumbnails/videos/EwQQ7YtoGoU.png"
"/home/siriusmart/.siriusmart/youtube-tui/cache/thumbnails/videos/1nLnR8yK_BA.png"
"/home/siriusmart/.siriusmart/youtube-tui/cache/thumbnails/videos/PwY-jVSM-f0.png"
"/home/siriusmart/.siriusmart/youtube-tui/cache/thumbnails/videos/360_M39p_Mg.png"
"/home/siriusmart/.siriusmart/youtube-tui/cache/thumbnails/videos/yhi_UcadzeA.png"
"/home/siriusmart/.siriusmart/youtube-tui/cache/thumbnails/videos/ZTpRsEp-_04.png"
"/home/siriusmart/.siriusmart/youtube-tui/cache/thumbnails/videos/a5gbT7Uo5qY.png"
"/home/siriusmart/.siriusmart/youtube-tui/cache/thumbnails/videos/thNr-pnSBgs.png"
"/home/siriusmart/.siriusmart/youtube-tui/cache/thumbnails/videos/CkzeM9p70Wk.png"
"/home/siriusmart/.siriusmart/youtube-tui/cache/thumbnails/videos/-g9IIE9U6Qg.png"
"/home/siriusmart/.siriusmart/youtube-tui/cache/thumbnails/videos/MgLhuzz09_Q.png"
"/home/siriusmart/.siriusmart/youtube-tui/cache/thumbnails/videos/7OPg-ksxZ4Y.png"
"/home/siriusmart/.siriusmart/youtube-tui/cache/thumbnails/videos/VgjyPmFKxCU.png"
"/home/siriusmart/.siriusmart/youtube-tui/cache/thumbnails/videos/ZoPJVcHYlU0.png"
"/home/siriusmart/.siriusmart/youtube-tui/cache/thumbnails/videos/WosblHoWh1g.png"
"/home/siriusmart/.siriusmart/youtube-tui/cache/thumbnails/videos/QO7e_RiMVQg.png"
"/home/siriusmart/.siriusmart/youtube-tui/cache/thumbnails/videos/xsLJZyih3Ac.png"
"/home/siriusmart/.siriusmart/youtube-tui/cache/thumbnails/videos/enBoNuS2VjU.png"
"/home/siriusmart/.siriusmart/youtube-tui/cache/thumbnails/videos/NDxAPaPAKl8.png"
"/home/siriusmart/.siriusmart/youtube-tui/cache/thumbnails/videos/u7zOU6c-dfc.png"
"/home/siriusmart/.siriusmart/youtube-tui/cache/thumbnails/videos/nOcS6mwZEGI.png"
"/home/siriusmart/.siriusmart/youtube-tui/cache/thumbnails/videos/pFNW4nodQ_I.png"
"/home/siriusmart/.siriusmart/youtube-tui/cache/thumbnails/videos/leQbSsu-7F4.png"
"/home/siriusmart/.siriusmart/youtube-tui/cache/thumbnails/videos/fg7pRNI1PGE.png"
"/home/siriusmart/.siriusmart/youtube-tui/cache/thumbnails/videos/_KwuH1Ab_m0.png"
"/home/siriusmart/.siriusmart/youtube-tui/cache/thumbnails/videos/llvh33y_-vQ.png"
"/home/siriusmart/.siriusmart/youtube-tui/cache/thumbnails/videos/QVSKXygroCI.png"
"/home/siriusmart/.siriusmart/youtube-tui/cache/thumbnails/videos/7KPH608Av4E.png"
"/home/siriusmart/.siriusmart/youtube-tui/cache/thumbnails/videos/okgPbtz4ZkE.png"
"/home/siriusmart/.siriusmart/youtube-tui/cache/thumbnails/videos/qyL-AUTNXjA.png"
"/home/siriusmart/.siriusmart/youtube-tui/cache/thumbnails/videos/stD3DrjMrRI.png"
"/home/siriusmart/.siriusmart/youtube-tui/cache/thumbnails/videos/UoWZIMjJWGY.png"
"/home/siriusmart/.siriusmart/youtube-tui/cache/thumbnails/videos/-kO9ECGb8jU.png"
"/home/siriusmart/.siriusmart/youtube-tui/cache/thumbnails/videos/z19CyuKEANE.png"
"/home/siriusmart/.siriusmart/youtube-tui/cache/thumbnails/videos/hrXwRrcyrQ8.png"
"/home/siriusmart/.siriusmart/youtube-tui/cache/thumbnails/videos/fYLun9rSWTE.png"
"/home/siriusmart/.siriusmart/youtube-tui/cache/thumbnails/videos/fWP29aVVycA.png"
"/home/siriusmart/.siriusmart/youtube-tui/cache/thumbnails/videos/vvKbMueRzrI.png"
"/home/siriusmart/.siriusmart/youtube-tui/cache/thumbnails/videos/xAOv_zvXBQk.png"
"/home/siriusmart/.siriusmart/youtube-tui/cache/thumbnails/videos/6kolTgj7uQc.png"
"/home/siriusmart/.siriusmart/youtube-tui/cache/thumbnails/videos/F-yEoHL7MYY.png"
"/home/siriusmart/.siriusmart/youtube-tui/cache/thumbnails/videos/urevinis_PU.png"
"/home/siriusmart/.siriusmart/youtube-tui/cache/thumbnails/videos/ZQ4E0JJcxz0.png"
"/home/siriusmart/.siriusmart/youtube-tui/cache/thumbnails/videos/uFzuRm3wCDk.png"
"/home/siriusmart/.siriusmart/youtube-tui/cache/thumbnails/videos/oI_X2cMHNe0.png"
"/home/siriusmart/.siriusmart/youtube-tui/cache/thumbnails/videos/hE3KjKg69ZA.png"
"/home/siriusmart/.siriusmart/youtube-tui/cache/thumbnails/videos/Ht56t_UMwsc.png"
"/home/siriusmart/.siriusmart/youtube-tui/cache/thumbnails/videos/mZFwfBJY_Pc.png"
"/home/siriusmart/.siriusmart/youtube-tui/cache/thumbnails/videos/fDtsXkN-lsA.png"
"/home/siriusmart/.siriusmart/youtube-tui/cache/thumbnails/videos/hD1YtmKXNb4.png"
"/home/siriusmart/.siriusmart/youtube-tui/cache/thumbnails/videos/EeDhC0cFQwg.png"
"/home/siriusmart/.siriusmart/youtube-tui/cache/thumbnails/videos/IZ7F6ELO-hQ.png"
"/home/siriusmart/.siriusmart/youtube-tui/cache/thumbnails/videos/LhfCietvDZo.png"
"/home/siriusmart/.siriusmart/youtube-tui/cache/thumbnails/videos/PnvPY_d0njs.png"
"/home/siriusmart/.siriusmart/youtube-tui/cache/thumbnails/videos/vAiuLJoWJl0.png"
"/home/siriusmart/.siriusmart/youtube-tui/cache/thumbnails/videos/NIjH5DaySuo.png"
"/home/siriusmart/.siriusmart/youtube-tui/cache/thumbnails/videos/p38WgakuYDo.png"
"/home/siriusmart/.siriusmart/youtube-tui/cache/thumbnails/videos/sgRwF_SowGc.png"
"/home/siriusmart/.siriusmart/youtube-tui/cache/thumbnails/videos/cVa4xP-KCzU.png"
"/home/siriusmart/.siriusmart/youtube-tui/cache/thumbnails/videos/r6cNoVkX89c.png"
"/home/siriusmart/.siriusmart/youtube-tui/cache/thumbnails/videos/_hdvXYuNCfM.png"
"/home/siriusmart/.siriusmart/youtube-tui/cache/thumbnails/videos/j_cIFh1oxqY.png"
"/home/siriusmart/.siriusmart/youtube-tui/cache/thumbnails/videos/gAYAxV4YcMI.png"
"/home/siriusmart/.siriusmart/youtube-tui/cache/thumbnails/videos/jhs4dx1LCfY.png"
"/home/siriusmart/.siriusmart/youtube-tui/cache/thumbnails/videos/O807iGQUxzo.png"
"/home/siriusmart/.siriusmart/youtube-tui/cache/thumbnails/videos/bCAAbDrdxyc.png"
"/home/siriusmart/.siriusmart/youtube-tui/cache/thumbnails/videos/NjVOLRixWzs.png"
"/home/siriusmart/.siriusmart/youtube-tui/cache/thumbnails/videos/fkIKmUQ-tvU.png"
"/home/siriusmart/.siriusmart/youtube-tui/cache/thumbnails/videos/G7FEU6ar7cc.png"
"/home/siriusmart/.siriusmart/youtube-tui/cache/thumbnails/videos/2vCz2d1N-PY.png"
"/home/siriusmart/.siriusmart/youtube-tui/cache/thumbnails/videos/J_-6OBhv1y4.png"
"/home/siriusmart/.siriusmart/youtube-tui/cache/thumbnails/videos/rk9as3sTYN8.png"
"/home/siriusmart/.siriusmart/youtube-tui/cache/thumbnails/videos/thNr-pnSBgs.png"
"/home/siriusmart/.siriusmart/youtube-tui/cache/thumbnails/videos/0SbiPng-Nek.png"
"/home/siriusmart/.siriusmart/youtube-tui/cache/thumbnails/videos/kXDXMIT48BM.png"
"/home/siriusmart/.siriusmart/youtube-tui/cache/thumbnails/videos/6iDl1INdQFU.png"
"/home/siriusmart/.siriusmart/youtube-tui/cache/thumbnails/videos/O2CIAKVTOrc.png"
"/home/siriusmart/.siriusmart/youtube-tui/cache/thumbnails/videos/34KppfwVgm0.png"
"/home/siriusmart/.siriusmart/youtube-tui/cache/thumbnails/videos/oH7rkCVau4s.png"
"/home/siriusmart/.siriusmart/youtube-tui/cache/thumbnails/videos/zFrGRO_d39I.png"
"/home/siriusmart/.siriusmart/youtube-tui/cache/thumbnails/videos/C2ZY4fyAuqY.png"
"/home/siriusmart/.siriusmart/youtube-tui/cache/thumbnails/videos/yQBImEeXNZ4.png"
"/home/siriusmart/.siriusmart/youtube-tui/cache/thumbnails/videos/360_M39p_Mg.png"
"/home/siriusmart/.siriusmart/youtube-tui/cache/thumbnails/videos/XJdXmpJCfUI.png"
"/home/siriusmart/.siriusmart/youtube-tui/cache/thumbnails/videos/0NzlbBmkM3E.png"
"/home/siriusmart/.siriusmart/youtube-tui/cache/thumbnails/videos/rP09GUQFDFk.png"
"/home/siriusmart/.siriusmart/youtube-tui/cache/thumbnails/videos/yhi_UcadzeA.png"
"/home/siriusmart/.siriusmart/youtube-tui/cache/thumbnails/videos/7iPy0PpBOlk.png"
"/home/siriusmart/.siriusmart/youtube-tui/cache/thumbnails/videos/X4r_eTtS4Lo.png"
"/home/siriusmart/.siriusmart/youtube-tui/cache/thumbnails/videos/6GCYA2ofoks.png"
"/home/siriusmart/.siriusmart/youtube-tui/cache/thumbnails/videos/CkzeM9p70Wk.png"
"/home/siriusmart/.siriusmart/youtube-tui/cache/thumbnails/videos/Kdecs0JYTp0.png"
"/home/siriusmart/.siriusmart/youtube-tui/cache/thumbnails/videos/B25ariEu9fs.png"
"/home/siriusmart/.siriusmart/youtube-tui/cache/thumbnails/videos/4GNf347WPt8.png"
"/home/siriusmart/.siriusmart/youtube-tui/cache/thumbnails/videos/6wyYiV5d768.png"
"/home/siriusmart/.siriusmart/youtube-tui/cache/thumbnails/videos/uRaWvH9jjfw.png"
"/home/siriusmart/.siriusmart/youtube-tui/cache/thumbnails/videos/Wg86eQkdudI.png"
"/home/siriusmart/.siriusmart/youtube-tui/cache/thumbnails/videos/Lo0G2Mi47Ho.png"
"/home/siriusmart/.siriusmart/youtube-tui/cache/thumbnails/videos/TSqYrgnbYrY.png"
"/home/siriusmart/.siriusmart/youtube-tui/cache/thumbnails/videos/-2yCVay_eqo.png"
"/home/siriusmart/.siriusmart/youtube-tui/cache/thumbnails/videos/9-irO7U7Y_Y.png"
"/home/siriusmart/.siriusmart/youtube-tui/cache/thumbnails/videos/2OQu9q70YkE.png"
"/home/siriusmart/.siriusmart/youtube-tui/cache/thumbnails/videos/vqPIvA9ATO4.png"
"/home/siriusmart/.siriusmart/youtube-tui/cache/thumbnails/videos/REfRA9MGDKY.png"
"/home/siriusmart/.siriusmart/youtube-tui/cache/thumbnails/videos/gXG8u7LLO7E.png"
"/home/siriusmart/.siriusmart/youtube-tui/cache/thumbnails/videos/Lg4zfE4mvTg.png"
"/home/siriusmart/.siriusmart/youtube-tui/cache/thumbnails/videos/Wrmx6gc0a8I.png"
"/home/siriusmart/.siriusmart/youtube-tui/cache/thumbnails/videos/a5rlgE6dcBY.png"
"/home/siriusmart/.siriusmart/youtube-tui/cache/thumbnails/videos/8HkyW1PN0sc.png"
"/home/siriusmart/.siriusmart/youtube-tui/cache/thumbnails/videos/6j-NPPU2-0Q.png"
"/home/siriusmart/.siriusmart/youtube-tui/cache/thumbnails/videos/_BMLHC6oNzY.png"
"/home/siriusmart/.siriusmart/youtube-tui/cache/thumbnails/videos/dTuTO1g3TLI.png"
"/home/siriusmart/.siriusmart/youtube-tui/cache/thumbnails/videos/mvxQYPR4lmU.png"
"/home/siriusmart/.siriusmart/youtube-tui/cache/thumbnails/videos/2LDaxyu5KUI.png"
"/home/siriusmart/.siriusmart/youtube-tui/cache/thumbnails/videos/LWTG7DtP1QQ.png"
"/home/siriusmart/.siriusmart/youtube-tui/cache/thumbnails/videos/6mtwPDVFYpo.png"
"/home/siriusmart/.siriusmart/youtube-tui/cache/thumbnails/videos/aZBAXi_HmqQ.png"
"/home/siriusmart/.siriusmart/youtube-tui/cache/thumbnails/videos/LA75Wg3knCQ.png"
"/home/siriusmart/.siriusmart/youtube-tui/cache/thumbnails/videos/SHTFOrLgI-4.png"
"/home/siriusmart/.siriusmart/youtube-tui/cache/thumbnails/videos/3Yh_6_zItPU.png"
"/home/siriusmart/.siriusmart/youtube-tui/cache/thumbnails/videos/Q33XE_ksUCU.png"
"/home/siriusmart/.siriusmart/youtube-tui/cache/thumbnails/videos/3o8w042VdOk.png"
"/home/siriusmart/.siriusmart/youtube-tui/cache/thumbnails/videos/vAiuLJoWJl0.png"
"/home/siriusmart/.siriusmart/youtube-tui/cache/thumbnails/videos/Wg86eQkdudI.png"
"/home/siriusmart/.siriusmart/youtube-tui/cache/thumbnails/videos/g8iidxp43fQ.png"
"/home/siriusmart/.siriusmart/youtube-tui/cache/thumbnails/videos/8dJyRm2jJ-U.png"
"/home/siriusmart/.siriusmart/youtube-tui/cache/thumbnails/videos/_iz5_DuY_II.png"
"/home/siriusmart/.siriusmart/youtube-tui/cache/thumbnails/videos/yQBImEeXNZ4.png"
"/home/siriusmart/.siriusmart/youtube-tui/cache/thumbnails/videos/XJdXmpJCfUI.png"
"/home/siriusmart/.siriusmart/youtube-tui/cache/thumbnails/videos/8xfSL0XLRtQ.png"
"/home/siriusmart/.siriusmart/youtube-tui/cache/thumbnails/videos/NWIIhf_lv08.png"
"/home/siriusmart/.siriusmart/youtube-tui/cache/thumbnails/videos/X4r_eTtS4Lo.png"
"/home/siriusmart/.siriusmart/youtube-tui/cache/thumbnails/videos/_fpxCuorKjA.png"
"/home/siriusmart/.siriusmart/youtube-tui/cache/thumbnails/videos/oSwZ_BckDvc.png"
"/home/siriusmart/.siriusmart/youtube-tui/cache/thumbnails/videos/pQuk3t2aeBo.png"
"/home/siriusmart/.siriusmart/youtube-tui/cache/thumbnails/videos/O2CIAKVTOrc.png"
"/home/siriusmart/.siriusmart/youtube-tui/cache/thumbnails/videos/NIjH5DaySuo.png"
"/home/siriusmart/.siriusmart/youtube-tui/cache/thumbnails/videos/iH8mWNKM8xU.png"
"/home/siriusmart/.siriusmart/youtube-tui/cache/thumbnails/videos/92Nog640NOU.png"
"/home/siriusmart/.siriusmart/youtube-tui/cache/thumbnails/videos/P5j-DvILc9E.png"
"/home/siriusmart/.siriusmart/youtube-tui/cache/thumbnails/videos/HqO5jmkARaE.png"
"/home/siriusmart/.siriusmart/youtube-tui/cache/thumbnails/videos/Iu1s_CkGA8E.png"
"/home/siriusmart/.siriusmart/youtube-tui/cache/thumbnails/videos/vqPIvA9ATO4.png"
"/home/siriusmart/.siriusmart/youtube-tui/cache/thumbnails/videos/a_0PSZ2S_yw.png"
"/home/siriusmart/.siriusmart/youtube-tui/cache/thumbnails/videos/ca48oMV59LU.png"
"/home/siriusmart/.siriusmart/youtube-tui/cache/thumbnails/videos/dOSr_EXx5SY.png"
"/home/siriusmart/.siriusmart/youtube-tui/cache/thumbnails/videos/XUlKykxmIGk.png"
"/home/siriusmart/.siriusmart/youtube-tui/cache/thumbnails/videos/N3f7OLt-WvY.png"
"/home/siriusmart/.siriusmart/youtube-tui/cache/thumbnails/videos/a5rlgE6dcBY.png"
"/home/siriusmart/.siriusmart/youtube-tui/cache/thumbnails/videos/Wrmx6gc0a8I.png"
"/home/siriusmart/.siriusmart/youtube-tui/cache/thumbnails/videos/EwQQ7YtoGoU.png"
"/home/siriusmart/.siriusmart/youtube-tui/cache/thumbnails/videos/1nLnR8yK_BA.png"
"/home/siriusmart/.siriusmart/youtube-tui/cache/thumbnails/videos/PwY-jVSM-f0.png"
"/home/siriusmart/.siriusmart/youtube-tui/cache/thumbnails/videos/360_M39p_Mg.png"
"/home/siriusmart/.siriusmart/youtube-tui/cache/thumbnails/videos/yhi_UcadzeA.png"
"/home/siriusmart/.siriusmart/youtube-tui/cache/thumbnails/videos/ZTpRsEp-_04.png"
"/home/siriusmart/.siriusmart/youtube-tui/cache/thumbnails/videos/a5gbT7Uo5qY.png"
"/home/siriusmart/.siriusmart/youtube-tui/cache/thumbnails/videos/thNr-pnSBgs.png"
"/home/siriusmart/.siriusmart/youtube-tui/cache/thumbnails/videos/CkzeM9p70Wk.png"
"/home/siriusmart/.siriusmart/youtube-tui/cache/thumbnails/videos/-g9IIE9U6Qg.png"
"/home/siriusmart/.siriusmart/youtube-tui/cache/thumbnails/videos/MgLhuzz09_Q.png"
"/home/siriusmart/.siriusmart/youtube-tui/cache/thumbnails/videos/7OPg-ksxZ4Y.png"
"/home/siriusmart/.siriusmart/youtube-tui/cache/thumbnails/videos/VgjyPmFKxCU.png"
"/home/siriusmart/.siriusmart/youtube-tui/cache/thumbnails/videos/ZoPJVcHYlU0.png"
"/home/siriusmart/.siriusmart/youtube-tui/cache/thumbnails/videos/WosblHoWh1g.png"
"/home/siriusmart/.siriusmart/youtube-tui/cache/thumbnails/videos/QO7e_RiMVQg.png"
"/home/siriusmart/.siriusmart/youtube-tui/cache/thumbnails/videos/tzy0LuhWDSw.png"
"/home/siriusmart/.siriusmart/youtube-tui/cache/thumbnails/videos/T46nu5e4pNI.png"
"/home/siriusmart/.siriusmart/youtube-tui/cache/thumbnails/videos/xsLJZyih3Ac.png"
"/home/siriusmart/.siriusmart/youtube-tui/cache/thumbnails/videos/enBoNuS2VjU.png"
"/home/siriusmart/.siriusmart/youtube-tui/cache/thumbnails/videos/NDxAPaPAKl8.png"
"/home/siriusmart/.siriusmart/youtube-tui/cache/thumbnails/videos/nOcS6mwZEGI.png"
"/home/siriusmart/.siriusmart/youtube-tui/cache/thumbnails/videos/pFNW4nodQ_I.png"
"/home/siriusmart/.siriusmart/youtube-tui/cache/thumbnails/videos/leQbSsu-7F4.png"
"/home/siriusmart/.siriusmart/youtube-tui/cache/thumbnails/videos/fg7pRNI1PGE.png"
"/home/siriusmart/.siriusmart/youtube-tui/cache/thumbnails/videos/_KwuH1Ab_m0.png"
"/home/siriusmart/.siriusmart/youtube-tui/cache/thumbnails/videos/llvh33y_-vQ.png"
"/home/siriusmart/.siriusmart/youtube-tui/cache/thumbnails/videos/QVSKXygroCI.png"
"/home/siriusmart/.siriusmart/youtube-tui/cache/thumbnails/videos/7KPH608Av4E.png"
"/home/siriusmart/.siriusmart/youtube-tui/cache/thumbnails/videos/okgPbtz4ZkE.png"
"/home/siriusmart/.siriusmart/youtube-tui/cache/thumbnails/videos/qyL-AUTNXjA.png"
"/home/siriusmart/.siriusmart/youtube-tui/cache/thumbnails/videos/stD3DrjMrRI.png"
"/home/siriusmart/.siriusmart/youtube-tui/cache/thumbnails/videos/UoWZIMjJWGY.png"
"/home/siriusmart/.siriusmart/youtube-tui/cache/thumbnails/videos/-kO9ECGb8jU.png"
"/home/siriusmart/.siriusmart/youtube-tui/cache/thumbnails/videos/z19CyuKEANE.png"
"/home/siriusmart/.siriusmart/youtube-tui/cache/thumbnails/videos/hrXwRrcyrQ8.png"
"/home/siriusmart/.siriusmart/youtube-tui/cache/thumbnails/videos/fYLun9rSWTE.png"
"/home/siriusmart/.siriusmart/youtube-tui/cache/thumbnails/videos/7OPg-ksxZ4Y.png"
"/home/siriusmart/.siriusmart/youtube-tui/cache/thumbnails/videos/vvKbMueRzrI.png"
"/home/siriusmart/.siriusmart/youtube-tui/cache/thumbnails/videos/xAOv_zvXBQk.png"
"/home/siriusmart/.siriusmart/youtube-tui/cache/thumbnails/videos/6kolTgj7uQc.png"
"/home/siriusmart/.siriusmart/youtube-tui/cache/thumbnails/videos/a_0PSZ2S_yw.png"
"/home/siriusmart/.siriusmart/youtube-tui/cache/thumbnails/videos/F-yEoHL7MYY.png"
"/home/siriusmart/.siriusmart/youtube-tui/cache/thumbnails/videos/urevinis_PU.png"
"/home/siriusmart/.siriusmart/youtube-tui/cache/thumbnails/videos/ZQ4E0JJcxz0.png"
"/home/siriusmart/.siriusmart/youtube-tui/cache/thumbnails/videos/uFzuRm3wCDk.png"
"/home/siriusmart/.siriusmart/youtube-tui/cache/thumbnails/videos/oI_X2cMHNe0.png"
"/home/siriusmart/.siriusmart/youtube-tui/cache/thumbnails/videos/hE3KjKg69ZA.png"
"/home/siriusmart/.siriusmart/youtube-tui/cache/thumbnails/videos/Ht56t_UMwsc.png"
"/home/siriusmart/.siriusmart/youtube-tui/cache/thumbnails/videos/mZFwfBJY_Pc.png"
"/home/siriusmart/.siriusmart/youtube-tui/cache/thumbnails/videos/fDtsXkN-lsA.png"
"/home/siriusmart/.siriusmart/youtube-tui/cache/thumbnails/videos/hD1YtmKXNb4.png"
"/home/siriusmart/.siriusmart/youtube-tui/cache/thumbnails/videos/EeDhC0cFQwg.png"
"/home/siriusmart/.siriusmart/youtube-tui/cache/thumbnails/videos/IZ7F6ELO-hQ.png"
"/home/siriusmart/.siriusmart/youtube-tui/cache/thumbnails/videos/LhfCietvDZo.png"
"/home/siriusmart/.siriusmart/youtube-tui/cache/thumbnails/videos/PnvPY_d0njs.png"
"/home/siriusmart/.siriusmart/youtube-tui/cache/thumbnails/videos/vAiuLJoWJl0.png"
"/home/siriusmart/.siriusmart/youtube-tui/cache/thumbnails/videos/NIjH5DaySuo.png"
"/home/siriusmart/.siriusmart/youtube-tui/cache/thumbnails/videos/p38WgakuYDo.png"
"/home/siriusmart/.siriusmart/youtube-tui/cache/thumbnails/videos/sgRwF_SowGc.png"
"/home/siriusmart/.siriusmart/youtube-tui/cache/thumbnails/videos/cVa4xP-KCzU.png"
"/home/siriusmart/.siriusmart/youtube-tui/cache/thumbnails/videos/r6cNoVkX89c.png"
"/home/siriusmart/.siriusmart/youtube-tui/cache/thumbnails/videos/_hdvXYuNCfM.png"
"/home/siriusmart/.siriusmart/youtube-tui/cache/thumbnails/videos/j_cIFh1oxqY.png"
"/home/siriusmart/.siriusmart/youtube-tui/cache/thumbnails/videos/gAYAxV4YcMI.png"
"/home/siriusmart/.siriusmart/youtube-tui/cache/thumbnails/videos/jhs4dx1LCfY.png"
"/home/siriusmart/.siriusmart/youtube-tui/cache/thumbnails/videos/O807iGQUxzo.png"
"/home/siriusmart/.siriusmart/youtube-tui/cache/thumbnails/videos/bCAAbDrdxyc.png"
"/home/siriusmart/.siriusmart/youtube-tui/cache/thumbnails/videos/NjVOLRixWzs.png"
"/home/siriusmart/.siriusmart/youtube-tui/cache/thumbnails/videos/fkIKmUQ-tvU.png"
"/home/siriusmart/.siriusmart/youtube-tui/cache/thumbnails/videos/G7FEU6ar7cc.png"
"/home/siriusmart/.siriusmart/youtube-tui/cache/thumbnails/videos/2vCz2d1N-PY.png"
"/home/siriusmart/.siriusmart/youtube-tui/cache/thumbnails/videos/J_-6OBhv1y4.png"
"/home/siriusmart/.siriusmart/youtube-tui/cache/thumbnails/videos/rk9as3sTYN8.png"
"/home/siriusmart/.siriusmart/youtube-tui/cache/thumbnails/videos/thNr-pnSBgs.png"
"/home/siriusmart/.siriusmart/youtube-tui/cache/thumbnails/videos/0SbiPng-Nek.png"
"/home/siriusmart/.siriusmart/youtube-tui/cache/thumbnails/videos/kXDXMIT48BM.png"
"/home/siriusmart/.siriusmart/youtube-tui/cache/thumbnails/videos/6iDl1INdQFU.png"
"/home/siriusmart/.siriusmart/youtube-tui/cache/thumbnails/videos/O2CIAKVTOrc.png"
"/home/siriusmart/.siriusmart/youtube-tui/cache/thumbnails/videos/34KppfwVgm0.png"
"/home/siriusmart/.siriusmart/youtube-tui/cache/thumbnails/videos/oH7rkCVau4s.png"
"/home/siriusmart/.siriusmart/youtube-tui/cache/thumbnails/videos/zFrGRO_d39I.png"
"/home/siriusmart/.siriusmart/youtube-tui/cache/thumbnails/videos/C2ZY4fyAuqY.png"
"/home/siriusmart/.siriusmart/youtube-tui/cache/thumbnails/videos/yQBImEeXNZ4.png"
"/home/siriusmart/.siriusmart/youtube-tui/cache/thumbnails/videos/360_M39p_Mg.png"
"/home/siriusmart/.siriusmart/youtube-tui/cache/thumbnails/videos/XJdXmpJCfUI.png"
"/home/siriusmart/.siriusmart/youtube-tui/cache/thumbnails/videos/0NzlbBmkM3E.png"
"/home/siriusmart/.siriusmart/youtube-tui/cache/thumbnails/videos/rP09GUQFDFk.png"
"/home/siriusmart/.siriusmart/youtube-tui/cache/thumbnails/videos/yhi_UcadzeA.png"
"/home/siriusmart/.siriusmart/youtube-tui/cache/thumbnails/videos/7iPy0PpBOlk.png"
"/home/siriusmart/.siriusmart/youtube-tui/cache/thumbnails/videos/X4r_eTtS4Lo.png"
"/home/siriusmart/.siriusmart/youtube-tui/cache/thumbnails/videos/6GCYA2ofoks.png"
"/home/siriusmart/.siriusmart/youtube-tui/cache/thumbnails/videos/CkzeM9p70Wk.png"
"/home/siriusmart/.siriusmart/youtube-tui/cache/thumbnails/videos/Kdecs0JYTp0.png"
"/home/siriusmart/.siriusmart/youtube-tui/cache/thumbnails/videos/B25ariEu9fs.png"
"/home/siriusmart/.siriusmart/youtube-tui/cache/thumbnails/videos/4GNf347WPt8.png"
"/home/siriusmart/.siriusmart/youtube-tui/cache/thumbnails/videos/6wyYiV5d768.png"
"/home/siriusmart/.siriusmart/youtube-tui/cache/thumbnails/videos/uRaWvH9jjfw.png"
"/home/siriusmart/.siriusmart/youtube-tui/cache/thumbnails/videos/Wg86eQkdudI.png"
"/home/siriusmart/.siriusmart/youtube-tui/cache/thumbnails/videos/Lo0G2Mi47Ho.png"
"/home/siriusmart/.siriusmart/youtube-tui/cache/thumbnails/videos/TSqYrgnbYrY.png"
"/home/siriusmart/.siriusmart/youtube-tui/cache/thumbnails/videos/-2yCVay_eqo.png"
"/home/siriusmart/.siriusmart/youtube-tui/cache/thumbnails/videos/9-irO7U7Y_Y.png"
"/home/siriusmart/.siriusmart/youtube-tui/cache/thumbnails/videos/2OQu9q70YkE.png"
"/home/siriusmart/.siriusmart/youtube-tui/cache/thumbnails/videos/vqPIvA9ATO4.png"
"/home/siriusmart/.siriusmart/youtube-tui/cache/thumbnails/videos/REfRA9MGDKY.png"
"/home/siriusmart/.siriusmart/youtube-tui/cache/thumbnails/videos/gXG8u7LLO7E.png"
"/home/siriusmart/.siriusmart/youtube-tui/cache/thumbnails/videos/Lg4zfE4mvTg.png"
"/home/siriusmart/.siriusmart/youtube-tui/cache/thumbnails/videos/Wrmx6gc0a8I.png"
"/home/siriusmart/.siriusmart/youtube-tui/cache/thumbnails/videos/a5rlgE6dcBY.png"
"/home/siriusmart/.siriusmart/youtube-tui/cache/thumbnails/videos/8HkyW1PN0sc.png"
"/home/siriusmart/.siriusmart/youtube-tui/cache/thumbnails/videos/6j-NPPU2-0Q.png"
"/home/siriusmart/.siriusmart/youtube-tui/cache/thumbnails/videos/_BMLHC6oNzY.png"
"/home/siriusmart/.siriusmart/youtube-tui/cache/thumbnails/videos/dTuTO1g3TLI.png"
"/home/siriusmart/.siriusmart/youtube-tui/cache/thumbnails/videos/mvxQYPR4lmU.png"
"/home/siriusmart/.siriusmart/youtube-tui/cache/thumbnails/videos/2LDaxyu5KUI.png"
"/home/siriusmart/.siriusmart/youtube-tui/cache/thumbnails/videos/LWTG7DtP1QQ.png"
"/home/siriusmart/.siriusmart/youtube-tui/cache/thumbnails/videos/6mtwPDVFYpo.png"
"/home/siriusmart/.siriusmart/youtube-tui/cache/thumbnails/videos/aZBAXi_HmqQ.png"
"/home/siriusmart/.siriusmart/youtube-tui/cache/thumbnails/videos/LA75Wg3knCQ.png"
"/home/siriusmart/.siriusmart/youtube-tui/cache/thumbnails/videos/SHTFOrLgI-4.png"
"/home/siriusmart/.siriusmart/youtube-tui/cache/thumbnails/videos/3Yh_6_zItPU.png"
"/home/siriusmart/.siriusmart/youtube-tui/cache/thumbnails/videos/Q33XE_ksUCU.png"
"/home/siriusmart/.siriusmart/youtube-tui/cache/thumbnails/videos/3o8w042VdOk.png"
"/home/siriusmart/.siriusmart/youtube-tui/cache/thumbnails/videos/vAiuLJoWJl0.png"
"/home/siriusmart/.siriusmart/youtube-tui/cache/thumbnails/videos/Wg86eQkdudI.png"
"/home/siriusmart/.siriusmart/youtube-tui/cache/thumbnails/videos/g8iidxp43fQ.png"
"/home/siriusmart/.siriusmart/youtube-tui/cache/thumbnails/videos/8dJyRm2jJ-U.png"
"/home/siriusmart/.siriusmart/youtube-tui/cache/thumbnails/videos/_iz5_DuY_II.png"
"/home/siriusmart/.siriusmart/youtube-tui/cache/thumbnails/videos/yQBImEeXNZ4.png"
"/home/siriusmart/.siriusmart/youtube-tui/cache/thumbnails/videos/XJdXmpJCfUI.png"
"/home/siriusmart/.siriusmart/youtube-tui/cache/thumbnails/videos/8xfSL0XLRtQ.png"
"/home/siriusmart/.siriusmart/youtube-tui/cache/thumbnails/videos/NWIIhf_lv08.png"
"/home/siriusmart/.siriusmart/youtube-tui/cache/thumbnails/videos/X4r_eTtS4Lo.png"
"/home/siriusmart/.siriusmart/youtube-tui/cache/thumbnails/videos/_fpxCuorKjA.png"
"/home/siriusmart/.siriusmart/youtube-tui/cache/thumbnails/videos/oSwZ_BckDvc.png"
"/home/siriusmart/.siriusmart/youtube-tui/cache/thumbnails/videos/pQuk3t2aeBo.png"
"/home/siriusmart/.siriusmart/youtube-tui/cache/thumbnails/videos/O2CIAKVTOrc.png"
"/home/siriusmart/.siriusmart/youtube-tui/cache/thumbnails/videos/NIjH5DaySuo.png"
"/home/siriusmart/.siriusmart/youtube-tui/cache/thumbnails/videos/iH8mWNKM8xU.png"
"/home/siriusmart/.siriusmart/youtube-tui/cache/thumbnails/videos/92Nog640NOU.png"
"/home/siriusmart/.siriusmart/youtube-tui/cache/thumbnails/videos/P5j-DvILc9E.png"
"/home/siriusmart/.siriusmart/youtube-tui/cache/thumbnails/videos/HqO5jmkARaE.png"
"/home/siriusmart/.siriusmart/youtube-tui/cache/thumbnails/videos/Iu1s_CkGA8E.png"
"/home/siriusmart/.siriusmart/youtube-tui/cache/thumbnails/videos/vqPIvA9ATO4.png"
"/home/siriusmart/.siriusmart/youtube-tui/cache/thumbnails/videos/ca48oMV59LU.png"
"/home/siriusmart/.siriusmart/youtube-tui/cache/thumbnails/videos/dOSr_EXx5SY.png"
"/home/siriusmart/.siriusmart/youtube-tui/cache/thumbnails/videos/XUlKykxmIGk.png"
"/home/siriusmart/.siriusmart/youtube-tui/cache/thumbnails/videos/N3f7OLt-WvY.png"
"/home/siriusmart/.siriusmart/youtube-tui/cache/thumbnails/videos/a5rlgE6dcBY.png"
"/home/siriusmart/.siriusmart/youtube-tui/cache/thumbnails/videos/Wrmx6gc0a8I.png"
"/home/siriusmart/.siriusmart/youtube-tui/cache/thumbnails/videos/EwQQ7YtoGoU.png"
"/home/siriusmart/.siriusmart/youtube-tui/cache/thumbnails/videos/1nLnR8yK_BA.png"
"/home/siriusmart/.siriusmart/youtube-tui/cache/thumbnails/videos/PwY-jVSM-f0.png"
"/home/siriusmart/.siriusmart/youtube-tui/cache/thumbnails/videos/360_M39p_Mg.png"
"/home/siriusmart/.siriusmart/youtube-tui/cache/thumbnails/videos/yhi_UcadzeA.png"
"/home/siriusmart/.siriusmart/youtube-tui/cache/thumbnails/videos/ZTpRsEp-_04.png"
"/home/siriusmart/.siriusmart/youtube-tui/cache/thumbnails/videos/a5gbT7Uo5qY.png"
"/home/siriusmart/.siriusmart/youtube-tui/cache/thumbnails/videos/thNr-pnSBgs.png"
"/home/siriusmart/.siriusmart/youtube-tui/cache/thumbnails/videos/CkzeM9p70Wk.png"
"/home/siriusmart/.siriusmart/youtube-tui/cache/thumbnails/videos/-g9IIE9U6Qg.png"
"/home/siriusmart/.siriusmart/youtube-tui/cache/thumbnails/videos/MgLhuzz09_Q.png"
"/home/siriusmart/.siriusmart/youtube-tui/cache/thumbnails/videos/VgjyPmFKxCU.png"
"/home/siriusmart/.siriusmart/youtube-tui/cache/thumbnails/videos/ZoPJVcHYlU0.png"
"/home/siriusmart/.siriusmart/youtube-tui/cache/thumbnails/videos/WosblHoWh1g.png"
"/home/siriusmart/.siriusmart/youtube-tui/cache/thumbnails/videos/QO7e_RiMVQg.png"
"/home/siriusmart/.siriusmart/youtube-tui/cache/thumbnails/videos/tzy0LuhWDSw.png"
"/home/siriusmart/.siriusmart/youtube-tui/cache/thumbnails/videos/T46nu5e4pNI.png"
"/home/siriusmart/.siriusmart/youtube-tui/cache/thumbnails/videos/xsLJZyih3Ac.png"
"/home/siriusmart/.siriusmart/youtube-tui/cache/thumbnails/videos/enBoNuS2VjU.png"
"/home/siriusmart/.siriusmart/youtube-tui/cache/thumbnails/videos/NDxAPaPAKl8.png"
"/home/siriusmart/.siriusmart/youtube-tui/cache/thumbnails/videos/nOcS6mwZEGI.png"
"/home/siriusmart/.siriusmart/youtube-tui/cache/thumbnails/videos/pFNW4nodQ_I.png"
"/home/siriusmart/.siriusmart/youtube-tui/cache/thumbnails/videos/leQbSsu-7F4.png"
"/home/siriusmart/.siriusmart/youtube-tui/cache/thumbnails/videos/fg7pRNI1PGE.png"
"/home/siriusmart/.siriusmart/youtube-tui/cache/thumbnails/videos/_KwuH1Ab_m0.png"
"/home/siriusmart/.siriusmart/youtube-tui/cache/thumbnails/videos/llvh33y_-vQ.png"
"/home/siriusmart/.siriusmart/youtube-tui/cache/thumbnails/videos/QVSKXygroCI.png"
"/home/siriusmart/.siriusmart/youtube-tui/cache/thumbnails/videos/7KPH608Av4E.png"
"/home/siriusmart/.siriusmart/youtube-tui/cache/thumbnails/videos/okgPbtz4ZkE.png"
"/home/siriusmart/.siriusmart/youtube-tui/cache/thumbnails/videos/qyL-AUTNXjA.png"
"/home/siriusmart/.siriusmart/youtube-tui/cache/thumbnails/videos/stD3DrjMrRI.png"
"/home/siriusmart/.siriusmart/youtube-tui/cache/thumbnails/videos/UoWZIMjJWGY.png"
"/home/siriusmart/.siriusmart/youtube-tui/cache/thumbnails/videos/-kO9ECGb8jU.png"
"/home/siriusmart/.siriusmart/youtube-tui/cache/thumbnails/videos/z19CyuKEANE.png"
"/home/siriusmart/.siriusmart/youtube-tui/cache/thumbnails/videos/hrXwRrcyrQ8.png"
"/home/siriusmart/.siriusmart/youtube-tui/cache/thumbnails/videos/fYLun9rSWTE.png"
"/home/siriusmart/.siriusmart/youtube-tui/cache/thumbnails/videos/7OPg-ksxZ4Y.png"
"/home/siriusmart/.siriusmart/youtube-tui/cache/thumbnails/videos/vvKbMueRzrI.png"
"/home/siriusmart/.siriusmart/youtube-tui/cache/thumbnails/videos/xAOv_zvXBQk.png"
"/home/siriusmart/.siriusmart/youtube-tui/cache/thumbnails/videos/6kolTgj7uQc.png"
"/home/siriusmart/.siriusmart/youtube-tui/cache/thumbnails/videos/a_0PSZ2S_yw.png"
"/home/siriusmart/.siriusmart/youtube-tui/cache/thumbnails/videos/F-yEoHL7MYY.png"
"/home/siriusmart/.siriusmart/youtube-tui/cache/thumbnails/videos/urevinis_PU.png"
"/home/siriusmart/.siriusmart/youtube-tui/cache/thumbnails/videos/ZQ4E0JJcxz0.png"
"/home/siriusmart/.siriusmart/youtube-tui/cache/thumbnails/videos/uFzuRm3wCDk.png"
"/home/siriusmart/.siriusmart/youtube-tui/cache/thumbnails/videos/oI_X2cMHNe0.png"
"/home/siriusmart/.siriusmart/youtube-tui/cache/thumbnails/videos/hE3KjKg69ZA.png"
"/home/siriusmart/.siriusmart/youtube-tui/cache/thumbnails/videos/Ht56t_UMwsc.png"
"/home/siriusmart/.siriusmart/youtube-tui/cache/thumbnails/videos/mZFwfBJY_Pc.png"
"/home/siriusmart/.siriusmart/youtube-tui/cache/thumbnails/videos/fDtsXkN-lsA.png"
"/home/siriusmart/.siriusmart/youtube-tui/cache/thumbnails/videos/hD1YtmKXNb4.png"
"/home/siriusmart/.siriusmart/youtube-tui/cache/thumbnails/videos/EeDhC0cFQwg.png"
"/home/siriusmart/.siriusmart/youtube-tui/cache/thumbnails/videos/IZ7F6ELO-hQ.png"
"/home/siriusmart/.siriusmart/youtube-tui/cache/thumbnails/videos/LhfCietvDZo.png"
"/home/siriusmart/.siriusmart/youtube-tui/cache/thumbnails/videos/PnvPY_d0njs.png"
"/home/siriusmart/.siriusmart/youtube-tui/cache/thumbnails/videos/vAiuLJoWJl0.png"
"/home/siriusmart/.siriusmart/youtube-tui/cache/thumbnails/videos/NIjH5DaySuo.png"
"/home/siriusmart/.siriusmart/youtube-tui/cache/thumbnails/videos/p38WgakuYDo.png"
"/home/siriusmart/.siriusmart/youtube-tui/cache/thumbnails/videos/sgRwF_SowGc.png"
"/home/siriusmart/.siriusmart/youtube-tui/cache/thumbnails/videos/cVa4xP-KCzU.png"
"/home/siriusmart/.siriusmart/youtube-tui/cache/thumbnails/videos/r6cNoVkX89c.png"
"/home/siriusmart/.siriusmart/youtube-tui/cache/thumbnails/videos/_hdvXYuNCfM.png"
"/home/siriusmart/.siriusmart/youtube-tui/cache/thumbnails/videos/j_cIFh1oxqY.png"
"/home/siriusmart/.siriusmart/youtube-tui/cache/thumbnails/videos/gAYAxV4YcMI.png"
"/home/siriusmart/.siriusmart/youtube-tui/cache/thumbnails/videos/jhs4dx1LCfY.png"
"/home/siriusmart/.siriusmart/youtube-tui/cache/thumbnails/videos/O807iGQUxzo.png"
"/home/siriusmart/.siriusmart/youtube-tui/cache/thumbnails/videos/bCAAbDrdxyc.png"
"/home/siriusmart/.siriusmart/youtube-tui/cache/thumbnails/videos/NjVOLRixWzs.png"
"/home/siriusmart/.siriusmart/youtube-tui/cache/thumbnails/videos/fkIKmUQ-tvU.png"
"/home/siriusmart/.siriusmart/youtube-tui/cache/thumbnails/videos/G7FEU6ar7cc.png"
"/home/siriusmart/.siriusmart/youtube-tui/cache/thumbnails/videos/2vCz2d1N-PY.png"
"/home/siriusmart/.siriusmart/youtube-tui/cache/thumbnails/videos/J_-6OBhv1y4.png"
"/home/siriusmart/.siriusmart/youtube-tui/cache/thumbnails/videos/rk9as3sTYN8.png"
"/home/siriusmart/.siriusmart/youtube-tui/cache/thumbnails/videos/thNr-pnSBgs.png"
"/home/siriusmart/.siriusmart/youtube-tui/cache/thumbnails/videos/0SbiPng-Nek.png"
"/home/siriusmart/.siriusmart/youtube-tui/cache/thumbnails/videos/kXDXMIT48BM.png"
"/home/siriusmart/.siriusmart/youtube-tui/cache/thumbnails/videos/6iDl1INdQFU.png"
"/home/siriusmart/.siriusmart/youtube-tui/cache/thumbnails/videos/O2CIAKVTOrc.png"
"/home/siriusmart/.siriusmart/youtube-tui/cache/thumbnails/videos/34KppfwVgm0.png"
"/home/siriusmart/.siriusmart/youtube-tui/cache/thumbnails/videos/oH7rkCVau4s.png"
"/home/siriusmart/.siriusmart/youtube-tui/cache/thumbnails/videos/zFrGRO_d39I.png"
"/home/siriusmart/.siriusmart/youtube-tui/cache/thumbnails/videos/C2ZY4fyAuqY.png"
"/home/siriusmart/.siriusmart/youtube-tui/cache/thumbnails/videos/yQBImEeXNZ4.png"
"/home/siriusmart/.siriusmart/youtube-tui/cache/thumbnails/videos/360_M39p_Mg.png"
"/home/siriusmart/.siriusmart/youtube-tui/cache/thumbnails/videos/XJdXmpJCfUI.png"
"/home/siriusmart/.siriusmart/youtube-tui/cache/thumbnails/videos/0NzlbBmkM3E.png"
"/home/siriusmart/.siriusmart/youtube-tui/cache/thumbnails/videos/rP09GUQFDFk.png"
"/home/siriusmart/.siriusmart/youtube-tui/cache/thumbnails/videos/yhi_UcadzeA.png"
"/home/siriusmart/.siriusmart/youtube-tui/cache/thumbnails/videos/7iPy0PpBOlk.png"
"/home/siriusmart/.siriusmart/youtube-tui/cache/thumbnails/videos/X4r_eTtS4Lo.png"
"/home/siriusmart/.siriusmart/youtube-tui/cache/thumbnails/videos/6GCYA2ofoks.png"
"/home/siriusmart/.siriusmart/youtube-tui/cache/thumbnails/videos/CkzeM9p70Wk.png"
"/home/siriusmart/.siriusmart/youtube-tui/cache/thumbnails/videos/Kdecs0JYTp0.png"
"/home/siriusmart/.siriusmart/youtube-tui/cache/thumbnails/videos/B25ariEu9fs.png"
"/home/siriusmart/.siriusmart/youtube-tui/cache/thumbnails/videos/4GNf347WPt8.png"
"/home/siriusmart/.siriusmart/youtube-tui/cache/thumbnails/videos/6wyYiV5d768.png"
"/home/siriusmart/.siriusmart/youtube-tui/cache/thumbnails/videos/uRaWvH9jjfw.png"
"/home/siriusmart/.siriusmart/youtube-tui/cache/thumbnails/videos/Wg86eQkdudI.png"
"/home/siriusmart/.siriusmart/youtube-tui/cache/thumbnails/videos/Lo0G2Mi47Ho.png"
"/home/siriusmart/.siriusmart/youtube-tui/cache/thumbnails/videos/TSqYrgnbYrY.png"
"/home/siriusmart/.siriusmart/youtube-tui/cache/thumbnails/videos/-2yCVay_eqo.png"
"/home/siriusmart/.siriusmart/youtube-tui/cache/thumbnails/videos/9-irO7U7Y_Y.png"
"/home/siriusmart/.siriusmart/youtube-tui/cache/thumbnails/videos/2OQu9q70YkE.png"
"/home/siriusmart/.siriusmart/youtube-tui/cache/thumbnails/videos/vqPIvA9ATO4.png"
"/home/siriusmart/.siriusmart/youtube-tui/cache/thumbnails/videos/REfRA9MGDKY.png"
"/home/siriusmart/.siriusmart/youtube-tui/cache/thumbnails/videos/gXG8u7LLO7E.png"
"/home/siriusmart/.siriusmart/youtube-tui/cache/thumbnails/videos/Lg4zfE4mvTg.png"
"/home/siriusmart/.siriusmart/youtube-tui/cache/thumbnails/videos/Wrmx6gc0a8I.png"
"/home/siriusmart/.siriusmart/youtube-tui/cache/thumbnails/videos/a5rlgE6dcBY.png"
"/home/siriusmart/.siriusmart/youtube-tui/cache/thumbnails/videos/8HkyW1PN0sc.png"
"/home/siriusmart/.siriusmart/youtube-tui/cache/thumbnails/videos/6j-NPPU2-0Q.png"
"/home/siriusmart/.siriusmart/youtube-tui/cache/thumbnails/videos/_BMLHC6oNzY.png"
"/home/siriusmart/.siriusmart/youtube-tui/cache/thumbnails/videos/dTuTO1g3TLI.png"
"/home/siriusmart/.siriusmart/youtube-tui/cache/thumbnails/videos/mvxQYPR4lmU.png"
"/home/siriusmart/.siriusmart/youtube-tui/cache/thumbnails/videos/2LDaxyu5KUI.png"
"/home/siriusmart/.siriusmart/youtube-tui/cache/thumbnails/videos/LWTG7DtP1QQ.png"
"/home/siriusmart/.siriusmart/youtube-tui/cache/thumbnails/videos/6mtwPDVFYpo.png"
"/home/siriusmart/.siriusmart/youtube-tui/cache/thumbnails/videos/aZBAXi_HmqQ.png"
"/home/siriusmart/.siriusmart/youtube-tui/cache/thumbnails/videos/LA75Wg3knCQ.png"
"/home/siriusmart/.siriusmart/youtube-tui/cache/thumbnails/videos/SHTFOrLgI-4.png"
"/home/siriusmart/.siriusmart/youtube-tui/cache/thumbnails/videos/3Yh_6_zItPU.png"
"/home/siriusmart/.siriusmart/youtube-tui/cache/thumbnails/videos/Q33XE_ksUCU.png"
"/home/siriusmart/.siriusmart/youtube-tui/cache/thumbnails/videos/3o8w042VdOk.png"
"/home/siriusmart/.siriusmart/youtube-tui/cache/thumbnails/videos/vAiuLJoWJl0.png"
"/home/siriusmart/.siriusmart/youtube-tui/cache/thumbnails/videos/Wg86eQkdudI.png"
"/home/siriusmart/.siriusmart/youtube-tui/cache/thumbnails/videos/g8iidxp43fQ.png"
"/home/siriusmart/.siriusmart/youtube-tui/cache/thumbnails/videos/8dJyRm2jJ-U.png"
"/home/siriusmart/.siriusmart/youtube-tui/cache/thumbnails/videos/_iz5_DuY_II.png"
"/home/siriusmart/.siriusmart/youtube-tui/cache/thumbnails/videos/yQBImEeXNZ4.png"
"/home/siriusmart/.siriusmart/youtube-tui/cache/thumbnails/videos/XJdXmpJCfUI.png"
"/home/siriusmart/.siriusmart/youtube-tui/cache/thumbnails/videos/8xfSL0XLRtQ.png"
"/home/siriusmart/.siriusmart/youtube-tui/cache/thumbnails/videos/NWIIhf_lv08.png"
"/home/siriusmart/.siriusmart/youtube-tui/cache/thumbnails/videos/X4r_eTtS4Lo.png"
"/home/siriusmart/.siriusmart/youtube-tui/cache/thumbnails/videos/_fpxCuorKjA.png"
"/home/siriusmart/.siriusmart/youtube-tui/cache/thumbnails/videos/oSwZ_BckDvc.png"
"/home/siriusmart/.siriusmart/youtube-tui/cache/thumbnails/videos/pQuk3t2aeBo.png"
"/home/siriusmart/.siriusmart/youtube-tui/cache/thumbnails/videos/O2CIAKVTOrc.png"
"/home/siriusmart/.siriusmart/youtube-tui/cache/thumbnails/videos/NIjH5DaySuo.png"
"/home/siriusmart/.siriusmart/youtube-tui/cache/thumbnails/videos/iH8mWNKM8xU.png"
"/home/siriusmart/.siriusmart/youtube-tui/cache/thumbnails/videos/92Nog640NOU.png"
"/home/siriusmart/.siriusmart/youtube-tui/cache/thumbnails/videos/P5j-DvILc9E.png"
"/home/siriusmart/.siriusmart/youtube-tui/cache/thumbnails/videos/HqO5jmkARaE.png"
"/home/siriusmart/.siriusmart/youtube-tui/cache/thumbnails/videos/Iu1s_CkGA8E.png"
"/home/siriusmart/.siriusmart/youtube-tui/cache/thumbnails/videos/vqPIvA9ATO4.png"
"/home/siriusmart/.siriusmart/youtube-tui/cache/thumbnails/videos/ca48oMV59LU.png"
"/home/siriusmart/.siriusmart/youtube-tui/cache/thumbnails/videos/dOSr_EXx5SY.png"
"/home/siriusmart/.siriusmart/youtube-tui/cache/thumbnails/videos/XUlKykxmIGk.png"
"/home/siriusmart/.siriusmart/youtube-tui/cache/thumbnails/videos/N3f7OLt-WvY.png"
"/home/siriusmart/.siriusmart/youtube-tui/cache/thumbnails/videos/a5rlgE6dcBY.png"
"/home/siriusmart/.siriusmart/youtube-tui/cache/thumbnails/videos/Wrmx6gc0a8I.png"
"/home/siriusmart/.siriusmart/youtube-tui/cache/thumbnails/videos/EwQQ7YtoGoU.png"
"/home/siriusmart/.siriusmart/youtube-tui/cache/thumbnails/videos/1nLnR8yK_BA.png"
"/home/siriusmart/.siriusmart/youtube-tui/cache/thumbnails/videos/PwY-jVSM-f0.png"
"/home/siriusmart/.siriusmart/youtube-tui/cache/thumbnails/videos/360_M39p_Mg.png"
"/home/siriusmart/.siriusmart/youtube-tui/cache/thumbnails/videos/yhi_UcadzeA.png"
"/home/siriusmart/.siriusmart/youtube-tui/cache/thumbnails/videos/ZTpRsEp-_04.png"
"/home/siriusmart/.siriusmart/youtube-tui/cache/thumbnails/videos/a5gbT7Uo5qY.png"
"/home/siriusmart/.siriusmart/youtube-tui/cache/thumbnails/videos/thNr-pnSBgs.png"
"/home/siriusmart/.siriusmart/youtube-tui/cache/thumbnails/videos/CkzeM9p70Wk.png"
"/home/siriusmart/.siriusmart/youtube-tui/cache/thumbnails/videos/-g9IIE9U6Qg.png"
"/home/siriusmart/.siriusmart/youtube-tui/cache/thumbnails/videos/MgLhuzz09_Q.png"
"/home/siriusmart/.siriusmart/youtube-tui/cache/thumbnails/videos/VgjyPmFKxCU.png"
"/home/siriusmart/.siriusmart/youtube-tui/cache/thumbnails/videos/ZoPJVcHYlU0.png"
"/home/siriusmart/.siriusmart/youtube-tui/cache/thumbnails/videos/WosblHoWh1g.png"
"/home/siriusmart/.siriusmart/youtube-tui/cache/thumbnails/videos/QO7e_RiMVQg.png"
